Using pre-set license
Built from '2021.3/staging' branch; Version is '2021.3.22f1 (b6c551784ba3) revision 11978065'; Using compiler version '192829333'; Build Type 'Release'
OS: 'Windows 11  (10.0.22621) 64bit Professional' Language: 'en' Physical Memory: 14188 MB
BatchMode: 1, IsHumanControllingUs: 0, StartBugReporterOnCrash: 0, Is64bit: 1, IsPro: 1

COMMAND LINE ARGUMENTS:
C:\Program Files\Unity\Hub\Editor\2021.3.22f1\Editor\Unity.exe
-adb2
-batchMode
-noUpm
-name
AssetImportWorker4
-projectPath
C:/Users/gabri/soundmanagerassingleton/P4/APDP4
-logFile
Logs/AssetImportWorker4.log
-srvPort
55638
Successfully changed project path to: C:/Users/gabri/soundmanagerassingleton/P4/APDP4
C:/Users/gabri/soundmanagerassingleton/P4/APDP4
[UnityMemory] Configuration Parameters - Can be set up in boot.config
    "memorysetup-bucket-allocator-granularity=16"
    "memorysetup-bucket-allocator-bucket-count=8"
    "memorysetup-bucket-allocator-block-size=33554432"
    "memorysetup-bucket-allocator-block-count=8"
    "memorysetup-main-allocator-block-size=16777216"
    "memorysetup-thread-allocator-block-size=16777216"
    "memorysetup-gfx-main-allocator-block-size=16777216"
    "memorysetup-gfx-thread-allocator-block-size=16777216"
    "memorysetup-cache-allocator-block-size=4194304"
    "memorysetup-typetree-allocator-block-size=2097152"
    "memorysetup-profiler-bucket-allocator-granularity=16"
    "memorysetup-profiler-bucket-allocator-bucket-count=8"
    "memorysetup-profiler-bucket-allocator-block-size=33554432"
    "memorysetup-profiler-bucket-allocator-block-count=8"
    "memorysetup-profiler-allocator-block-size=16777216"
    "memorysetup-profiler-editor-allocator-block-size=1048576"
    "memorysetup-temp-allocator-size-main=16777216"
    "memorysetup-job-temp-allocator-block-size=2097152"
    "memorysetup-job-temp-allocator-block-size-background=1048576"
    "memorysetup-job-temp-allocator-reduction-small-platforms=262144"
    "memorysetup-temp-allocator-size-background-worker=32768"
    "memorysetup-temp-allocator-size-job-worker=262144"
    "memorysetup-temp-allocator-size-preload-manager=33554432"
    "memorysetup-temp-allocator-size-nav-mesh-worker=65536"
    "memorysetup-temp-allocator-size-audio-worker=65536"
    "memorysetup-temp-allocator-size-cloud-worker=32768"
    "memorysetup-temp-allocator-size-gi-baking-worker=262144"
    "memorysetup-temp-allocator-size-gfx=262144"
Player connection [38504] Host "[IP] 172.20.10.2 [Port] 0 [Flags] 2 [Guid] 3447160817 [EditorId] 3447160817 [Version] 1048832 [Id] WindowsEditor(7,LAPTOP-HMK759AA) [Debug] 1 [PackageName] WindowsEditor [ProjectName] Editor" joined multi-casting on [225.0.0.222:54997]...

Player connection [38504] Host "[IP] 172.20.10.2 [Port] 0 [Flags] 2 [Guid] 3447160817 [EditorId] 3447160817 [Version] 1048832 [Id] WindowsEditor(7,LAPTOP-HMK759AA) [Debug] 1 [PackageName] WindowsEditor [ProjectName] Editor" joined alternative multi-casting on [225.0.0.222:34997]...

Refreshing native plugins compatible for Editor in 79.36 ms, found 2 plugins.
Preloading 0 native plugins for Editor in 0.00 ms.
Initialize engine version: 2021.3.22f1 (b6c551784ba3)
[Subsystems] Discovering subsystems at path C:/Program Files/Unity/Hub/Editor/2021.3.22f1/Editor/Data/Resources/UnitySubsystems
[Subsystems] Discovering subsystems at path C:/Users/gabri/soundmanagerassingleton/P4/APDP4/Assets
GfxDevice: creating device client; threaded=0; jobified=0
Direct3D:
    Version:  Direct3D 11.0 [level 11.1]
    Renderer: NVIDIA GeForce RTX 3050 Laptop GPU (ID=0x25a2)
    Vendor:   NVIDIA
    VRAM:     3993 MB
    Driver:   31.0.15.1654
Initialize mono
Mono path[0] = 'C:/Program Files/Unity/Hub/Editor/2021.3.22f1/Editor/Data/Managed'
Mono path[1] = 'C:/Program Files/Unity/Hub/Editor/2021.3.22f1/Editor/Data/MonoBleedingEdge/lib/mono/unityjit-win32'
Mono config path = 'C:/Program Files/Unity/Hub/Editor/2021.3.22f1/Editor/Data/MonoBleedingEdge/etc'
Using monoOptions --debugger-agent=transport=dt_socket,embedding=1,server=y,suspend=n,address=127.0.0.1:56268
Begin MonoManager ReloadAssembly
Registering precompiled unity dll's ...
Register platform support module: C:/Program Files/Unity/Hub/Editor/2021.3.22f1/Editor/Data/PlaybackEngines/WindowsStandaloneSupport/UnityEditor.WindowsStandalone.Extensions.dll
Registered in 0.003656 seconds.
Native extension for WindowsStandalone target not found
Refreshing native plugins compatible for Editor in 57.17 ms, found 2 plugins.
Preloading 0 native plugins for Editor in 0.00 ms.
Mono: successfully reloaded assembly
- Completed reload, in  0.529 seconds
Domain Reload Profiling:
	ReloadAssembly (530ms)
		BeginReloadAssembly (74ms)
			ExecutionOrderSort (0ms)
			DisableScriptedObjects (0ms)
			BackupInstance (0ms)
			ReleaseScriptingObjects (0ms)
			CreateAndSetChildDomain (1ms)
		EndReloadAssembly (378ms)
			LoadAssemblies (72ms)
			RebuildTransferFunctionScriptingTraits (0ms)
			SetupTypeCache (82ms)
			ReleaseScriptCaches (0ms)
			RebuildScriptCaches (21ms)
			SetupLoadedEditorAssemblies (233ms)
				LogAssemblyErrors (0ms)
				InitializePlatformSupportModulesInManaged (6ms)
				SetLoadedEditorAssemblies (0ms)
				RefreshPlugins (57ms)
				BeforeProcessingInitializeOnLoad (1ms)
				ProcessInitializeOnLoadAttributes (129ms)
				ProcessInitializeOnLoadMethodAttributes (38ms)
				AfterProcessingInitializeOnLoad (0ms)
				EditorAssembliesLoaded (0ms)
			ExecutionOrderSort2 (0ms)
			AwakeInstancesAfterBackupRestoration (0ms)
Platform modules already initialized, skipping
Registering precompiled user dll's ...
Registered in 0.003399 seconds.
Begin MonoManager ReloadAssembly
Native extension for WindowsStandalone target not found
Refreshing native plugins compatible for Editor in 53.31 ms, found 2 plugins.
Preloading 0 native plugins for Editor in 0.00 ms.
Mono: successfully reloaded assembly
- Completed reload, in  0.815 seconds
Domain Reload Profiling:
	ReloadAssembly (816ms)
		BeginReloadAssembly (104ms)
			ExecutionOrderSort (0ms)
			DisableScriptedObjects (5ms)
			BackupInstance (0ms)
			ReleaseScriptingObjects (0ms)
			CreateAndSetChildDomain (20ms)
		EndReloadAssembly (625ms)
			LoadAssemblies (73ms)
			RebuildTransferFunctionScriptingTraits (0ms)
			SetupTypeCache (152ms)
			ReleaseScriptCaches (0ms)
			RebuildScriptCaches (33ms)
			SetupLoadedEditorAssemblies (342ms)
				LogAssemblyErrors (0ms)
				InitializePlatformSupportModulesInManaged (3ms)
				SetLoadedEditorAssemblies (0ms)
				RefreshPlugins (53ms)
				BeforeProcessingInitializeOnLoad (48ms)
				ProcessInitializeOnLoadAttributes (213ms)
				ProcessInitializeOnLoadMethodAttributes (18ms)
				AfterProcessingInitializeOnLoad (5ms)
				EditorAssembliesLoaded (0ms)
			ExecutionOrderSort2 (0ms)
			AwakeInstancesAfterBackupRestoration (6ms)
Platform modules already initialized, skipping
========================================================================
Worker process is ready to serve import requests
Launched and connected shader compiler UnityShaderCompiler.exe after 0.04 seconds
Refreshing native plugins compatible for Editor in 0.83 ms, found 2 plugins.
Preloading 0 native plugins for Editor in 0.00 ms.
Unloading 2180 Unused Serialized files (Serialized files now loaded: 0)
Unloading 24 unused Assets / (57.2 KB). Loaded Objects now: 2648.
Memory consumption went from 112.6 MB to 112.6 MB.
Total: 3.068700 ms (FindLiveObjects: 0.183300 ms CreateObjectMapping: 0.078500 ms MarkObjects: 2.724900 ms  DeleteObjects: 0.080900 ms)

AssetImportParameters requested are different than current active one (requested -> active):
  custom:video-decoder-ogg-theora: a1e56fd34408186e4bbccfd4996cb3dc -> 
  custom:container-muxer-webm: aa71ff27fc2769a1b78a27578f13a17b -> 
  custom:container-demuxer-webm: 4f35f7cbe854078d1ac9338744f61a02 -> 
  custom:video-encoder-webm-vp8: eb34c28f22e8b96e1ab97ce403110664 -> 
  custom:video-codec-MediaFoundation-h265: 746d11721c4dcdbdad8f713fa42b33f4 -> 
  custom:audio-encoder-webm-vorbis: bf7c407c2cedff20999df2af8eb42d56 -> 
  custom:framework-win-MediaFoundation: 216162199b28c13a410421893ffa2e32 -> 
  custom:container-demuxer-ogg: 62fdf1f143b41e24485cea50d1cbac27 -> 
  custom:video-decoder-webm-vp8: 9c59270c3fd7afecdb556c50c9e8de78 -> 
  custom:audio-decoder-ogg-vorbis: bf7c407c2cedff20999df2af8eb42d56 -> 
========================================================================
Received Import Request.
  Time since last request: 730629.114797 seconds.
  path: Assets/Prefabs/Terrain3.prefab
  artifactKey: Guid(3feed1b4611d339488e898baf0a6c98e) Importer(815301076,1909f56bfc062723c751e8b465ee728b)
Start importing Assets/Prefabs/Terrain3.prefab using Guid(3feed1b4611d339488e898baf0a6c98e) Importer(815301076,1909f56bfc062723c751e8b465ee728b)  -> (artifact id: 'd283a527ca969c91c76e7fdca07e0f8f') in 0.366063 seconds 
========================================================================
Received Import Request.
  Time since last request: 7.475318 seconds.
  path: Assets/Prefabs/Terrain3.prefab
  artifactKey: Guid(3feed1b4611d339488e898baf0a6c98e) Importer(815301076,1909f56bfc062723c751e8b465ee728b)
Start importing Assets/Prefabs/Terrain3.prefab using Guid(3feed1b4611d339488e898baf0a6c98e) Importer(815301076,1909f56bfc062723c751e8b465ee728b)  -> (artifact id: '879ef406b3c9d560ed6479086ad51974') in 0.332430 seconds 
========================================================================
Received Import Request.
  Time since last request: 8.818163 seconds.
  path: Assets/Prefabs/Terrain3.prefab
  artifactKey: Guid(3feed1b4611d339488e898baf0a6c98e) Importer(815301076,1909f56bfc062723c751e8b465ee728b)
Start importing Assets/Prefabs/Terrain3.prefab using Guid(3feed1b4611d339488e898baf0a6c98e) Importer(815301076,1909f56bfc062723c751e8b465ee728b)  -> (artifact id: '718a7b4847fdb615b36c4741f5188585') in 0.262983 seconds 
========================================================================
Received Import Request.
  Time since last request: 3.252818 seconds.
  path: Assets/Prefabs/Terrain3.prefab
  artifactKey: Guid(3feed1b4611d339488e898baf0a6c98e) Importer(815301076,1909f56bfc062723c751e8b465ee728b)
Start importing Assets/Prefabs/Terrain3.prefab using Guid(3feed1b4611d339488e898baf0a6c98e) Importer(815301076,1909f56bfc062723c751e8b465ee728b)  -> (artifact id: '0dc55e607de90b39a930bf39d7a0cab8') in 0.264784 seconds 
========================================================================
Received Import Request.
  Time since last request: 4.544330 seconds.
  path: Assets/Prefabs/Terrain3.prefab
  artifactKey: Guid(3feed1b4611d339488e898baf0a6c98e) Importer(815301076,1909f56bfc062723c751e8b465ee728b)
Start importing Assets/Prefabs/Terrain3.prefab using Guid(3feed1b4611d339488e898baf0a6c98e) Importer(815301076,1909f56bfc062723c751e8b465ee728b)  -> (artifact id: '5ba0dd5ec82d35f39a558b164eb866f2') in 0.275422 seconds 
========================================================================
Received Import Request.
  Time since last request: 3.110773 seconds.
  path: Assets/Prefabs/Terrain3.prefab
  artifactKey: Guid(3feed1b4611d339488e898baf0a6c98e) Importer(815301076,1909f56bfc062723c751e8b465ee728b)
Start importing Assets/Prefabs/Terrain3.prefab using Guid(3feed1b4611d339488e898baf0a6c98e) Importer(815301076,1909f56bfc062723c751e8b465ee728b)  -> (artifact id: '38a6c60a5279d22489093797154dcf69') in 0.303184 seconds 
========================================================================
Received Import Request.
  Time since last request: 1.877507 seconds.
  path: Assets/Prefabs/Terrain3.prefab
  artifactKey: Guid(3feed1b4611d339488e898baf0a6c98e) Importer(815301076,1909f56bfc062723c751e8b465ee728b)
Start importing Assets/Prefabs/Terrain3.prefab using Guid(3feed1b4611d339488e898baf0a6c98e) Importer(815301076,1909f56bfc062723c751e8b465ee728b)  -> (artifact id: '133d172734cb11c7bf31077bddd16cc8') in 0.316920 seconds 
========================================================================
Received Import Request.
  Time since last request: 7.518551 seconds.
  path: Assets/Prefabs/Terrain3.prefab
  artifactKey: Guid(3feed1b4611d339488e898baf0a6c98e) Importer(815301076,1909f56bfc062723c751e8b465ee728b)
Start importing Assets/Prefabs/Terrain3.prefab using Guid(3feed1b4611d339488e898baf0a6c98e) Importer(815301076,1909f56bfc062723c751e8b465ee728b)  -> (artifact id: '7d0ca30c2a946b54bb262b67f6b71f58') in 0.253582 seconds 
========================================================================
Received Import Request.
  Time since last request: 5.960938 seconds.
  path: Assets/Prefabs/Terrain3.prefab
  artifactKey: Guid(3feed1b4611d339488e898baf0a6c98e) Importer(815301076,1909f56bfc062723c751e8b465ee728b)
Start importing Assets/Prefabs/Terrain3.prefab using Guid(3feed1b4611d339488e898baf0a6c98e) Importer(815301076,1909f56bfc062723c751e8b465ee728b)  -> (artifact id: '61d23de948624b74f2640295e61bd21d') in 0.257347 seconds 
========================================================================
Received Import Request.
  Time since last request: 2.959591 seconds.
  path: Assets/Prefabs/Terrain3.prefab
  artifactKey: Guid(3feed1b4611d339488e898baf0a6c98e) Importer(815301076,1909f56bfc062723c751e8b465ee728b)
Start importing Assets/Prefabs/Terrain3.prefab using Guid(3feed1b4611d339488e898baf0a6c98e) Importer(815301076,1909f56bfc062723c751e8b465ee728b)  -> (artifact id: '88e99ecabb82353253df1b692ac5042f') in 0.304546 seconds 
========================================================================
Received Import Request.
  Time since last request: 7.112576 seconds.
  path: Assets/Prefabs/Terrain3.prefab
  artifactKey: Guid(3feed1b4611d339488e898baf0a6c98e) Importer(815301076,1909f56bfc062723c751e8b465ee728b)
Start importing Assets/Prefabs/Terrain3.prefab using Guid(3feed1b4611d339488e898baf0a6c98e) Importer(815301076,1909f56bfc062723c751e8b465ee728b)  -> (artifact id: '8a072463e663adc648954ec9d727a16c') in 0.305826 seconds 
========================================================================
Received Import Request.
  Time since last request: 7.931439 seconds.
  path: Assets/Prefabs/Terrain3.prefab
  artifactKey: Guid(3feed1b4611d339488e898baf0a6c98e) Importer(815301076,1909f56bfc062723c751e8b465ee728b)
Start importing Assets/Prefabs/Terrain3.prefab using Guid(3feed1b4611d339488e898baf0a6c98e) Importer(815301076,1909f56bfc062723c751e8b465ee728b)  -> (artifact id: '6d804874c626ecf3becfbacb8287c840') in 0.275121 seconds 
========================================================================
Received Import Request.
  Time since last request: 4.128978 seconds.
  path: Assets/Prefabs/Terrain3.prefab
  artifactKey: Guid(3feed1b4611d339488e898baf0a6c98e) Importer(815301076,1909f56bfc062723c751e8b465ee728b)
Start importing Assets/Prefabs/Terrain3.prefab using Guid(3feed1b4611d339488e898baf0a6c98e) Importer(815301076,1909f56bfc062723c751e8b465ee728b)  -> (artifact id: '8434ceb46b871ff63b21bc97ac38773b') in 0.322641 seconds 
========================================================================
Received Import Request.
  Time since last request: 10.812105 seconds.
  path: Assets/Prefabs/Terrain3.prefab
  artifactKey: Guid(3feed1b4611d339488e898baf0a6c98e) Importer(815301076,1909f56bfc062723c751e8b465ee728b)
Start importing Assets/Prefabs/Terrain3.prefab using Guid(3feed1b4611d339488e898baf0a6c98e) Importer(815301076,1909f56bfc062723c751e8b465ee728b)  -> (artifact id: 'e886244b72d2d72b7740cc798de21bec') in 0.269542 seconds 
========================================================================
Received Import Request.
  Time since last request: 2.935161 seconds.
  path: Assets/Prefabs/Terrain3.prefab
  artifactKey: Guid(3feed1b4611d339488e898baf0a6c98e) Importer(815301076,1909f56bfc062723c751e8b465ee728b)
Start importing Assets/Prefabs/Terrain3.prefab using Guid(3feed1b4611d339488e898baf0a6c98e) Importer(815301076,1909f56bfc062723c751e8b465ee728b)  -> (artifact id: '48f437ee80acaa4f78aa4470e1dfb9d7') in 0.255301 seconds 
========================================================================
Received Import Request.
  Time since last request: 0.566514 seconds.
  path: Assets/Prefabs/Terrain3.prefab
  artifactKey: Guid(3feed1b4611d339488e898baf0a6c98e) Importer(815301076,1909f56bfc062723c751e8b465ee728b)
Start importing Assets/Prefabs/Terrain3.prefab using Guid(3feed1b4611d339488e898baf0a6c98e) Importer(815301076,1909f56bfc062723c751e8b465ee728b)  -> (artifact id: 'a3a85d9927130c32803be05765ed42fb') in 0.254978 seconds 
========================================================================
Received Import Request.
  Time since last request: 1.793035 seconds.
  path: Assets/Prefabs/Terrain3.prefab
  artifactKey: Guid(3feed1b4611d339488e898baf0a6c98e) Importer(815301076,1909f56bfc062723c751e8b465ee728b)
Start importing Assets/Prefabs/Terrain3.prefab using Guid(3feed1b4611d339488e898baf0a6c98e) Importer(815301076,1909f56bfc062723c751e8b465ee728b)  -> (artifact id: '6b4e0311eea49028de2f281ea7620878') in 0.254395 seconds 
========================================================================
Received Import Request.
  Time since last request: 2.951520 seconds.
  path: Assets/Prefabs/Terrain3.prefab
  artifactKey: Guid(3feed1b4611d339488e898baf0a6c98e) Importer(815301076,1909f56bfc062723c751e8b465ee728b)
Start importing Assets/Prefabs/Terrain3.prefab using Guid(3feed1b4611d339488e898baf0a6c98e) Importer(815301076,1909f56bfc062723c751e8b465ee728b)  -> (artifact id: '0a940b3b1979f1ec5f6c8bfb2abce6b2') in 0.269906 seconds 
========================================================================
Received Import Request.
  Time since last request: 14.054981 seconds.
  path: Assets/Prefabs/Terrain3.prefab
  artifactKey: Guid(3feed1b4611d339488e898baf0a6c98e) Importer(815301076,1909f56bfc062723c751e8b465ee728b)
Start importing Assets/Prefabs/Terrain3.prefab using Guid(3feed1b4611d339488e898baf0a6c98e) Importer(815301076,1909f56bfc062723c751e8b465ee728b)  -> (artifact id: '45d447f29d961b17f51cf910db50097f') in 0.264396 seconds 
========================================================================
Received Import Request.
  Time since last request: 1.531275 seconds.
  path: Assets/Prefabs/Terrain3.prefab
  artifactKey: Guid(3feed1b4611d339488e898baf0a6c98e) Importer(815301076,1909f56bfc062723c751e8b465ee728b)
Start importing Assets/Prefabs/Terrain3.prefab using Guid(3feed1b4611d339488e898baf0a6c98e) Importer(815301076,1909f56bfc062723c751e8b465ee728b)  -> (artifact id: '1c352029e3c762816a092ea13f58a952') in 0.295898 seconds 
========================================================================
Received Import Request.
  Time since last request: 1.715454 seconds.
  path: Assets/Prefabs/Terrain3.prefab
  artifactKey: Guid(3feed1b4611d339488e898baf0a6c98e) Importer(815301076,1909f56bfc062723c751e8b465ee728b)
Start importing Assets/Prefabs/Terrain3.prefab using Guid(3feed1b4611d339488e898baf0a6c98e) Importer(815301076,1909f56bfc062723c751e8b465ee728b)  -> (artifact id: '81cd5180be497d92f9fcaa03f80647ac') in 0.319370 seconds 
========================================================================
Received Import Request.
  Time since last request: 2.681895 seconds.
  path: Assets/Prefabs/Terrain3.prefab
  artifactKey: Guid(3feed1b4611d339488e898baf0a6c98e) Importer(815301076,1909f56bfc062723c751e8b465ee728b)
Start importing Assets/Prefabs/Terrain3.prefab using Guid(3feed1b4611d339488e898baf0a6c98e) Importer(815301076,1909f56bfc062723c751e8b465ee728b)  -> (artifact id: 'f088df6cc44b1e4e3dbfbcbc5a2816bc') in 0.307375 seconds 
========================================================================
Received Import Request.
  Time since last request: 1.873506 seconds.
  path: Assets/Prefabs/Terrain3.prefab
  artifactKey: Guid(3feed1b4611d339488e898baf0a6c98e) Importer(815301076,1909f56bfc062723c751e8b465ee728b)
Start importing Assets/Prefabs/Terrain3.prefab using Guid(3feed1b4611d339488e898baf0a6c98e) Importer(815301076,1909f56bfc062723c751e8b465ee728b)  -> (artifact id: '306f1222eb1ae43ba166be64609a10db') in 0.307626 seconds 
========================================================================
Received Import Request.
  Time since last request: 3.303214 seconds.
  path: Assets/Prefabs/Terrain3.prefab
  artifactKey: Guid(3feed1b4611d339488e898baf0a6c98e) Importer(815301076,1909f56bfc062723c751e8b465ee728b)
Start importing Assets/Prefabs/Terrain3.prefab using Guid(3feed1b4611d339488e898baf0a6c98e) Importer(815301076,1909f56bfc062723c751e8b465ee728b)  -> (artifact id: 'e45c4f287e2edf938cc610f70cca896b') in 0.311414 seconds 
========================================================================
Received Import Request.
  Time since last request: 3.700998 seconds.
  path: Assets/Prefabs/Terrain3.prefab
  artifactKey: Guid(3feed1b4611d339488e898baf0a6c98e) Importer(815301076,1909f56bfc062723c751e8b465ee728b)
Start importing Assets/Prefabs/Terrain3.prefab using Guid(3feed1b4611d339488e898baf0a6c98e) Importer(815301076,1909f56bfc062723c751e8b465ee728b)  -> (artifact id: '76aacb45fcfc8464ad53810dbd5b1c3f') in 0.289489 seconds 
========================================================================
Received Import Request.
  Time since last request: 2.341610 seconds.
  path: Assets/Prefabs/Terrain3.prefab
  artifactKey: Guid(3feed1b4611d339488e898baf0a6c98e) Importer(815301076,1909f56bfc062723c751e8b465ee728b)
Start importing Assets/Prefabs/Terrain3.prefab using Guid(3feed1b4611d339488e898baf0a6c98e) Importer(815301076,1909f56bfc062723c751e8b465ee728b)  -> (artifact id: '2901b117e6bc83b3c3eb97cd7c2680f4') in 0.273494 seconds 
========================================================================
Received Import Request.
  Time since last request: 2.519713 seconds.
  path: Assets/Prefabs/Terrain3.prefab
  artifactKey: Guid(3feed1b4611d339488e898baf0a6c98e) Importer(815301076,1909f56bfc062723c751e8b465ee728b)
Start importing Assets/Prefabs/Terrain3.prefab using Guid(3feed1b4611d339488e898baf0a6c98e) Importer(815301076,1909f56bfc062723c751e8b465ee728b)  -> (artifact id: 'f910f8ab245a519aee659c5ddeb10ee0') in 0.255539 seconds 
========================================================================
Received Import Request.
  Time since last request: 1.607989 seconds.
  path: Assets/Prefabs/Terrain3.prefab
  artifactKey: Guid(3feed1b4611d339488e898baf0a6c98e) Importer(815301076,1909f56bfc062723c751e8b465ee728b)
Start importing Assets/Prefabs/Terrain3.prefab using Guid(3feed1b4611d339488e898baf0a6c98e) Importer(815301076,1909f56bfc062723c751e8b465ee728b)  -> (artifact id: 'b95b147c61a2f3c2cdecb9b525b9d939') in 0.319629 seconds 
========================================================================
Received Import Request.
  Time since last request: 2.280468 seconds.
  path: Assets/Prefabs/Terrain3.prefab
  artifactKey: Guid(3feed1b4611d339488e898baf0a6c98e) Importer(815301076,1909f56bfc062723c751e8b465ee728b)
Start importing Assets/Prefabs/Terrain3.prefab using Guid(3feed1b4611d339488e898baf0a6c98e) Importer(815301076,1909f56bfc062723c751e8b465ee728b)  -> (artifact id: 'e1955922db0e2125b9cc6faf05e2d2af') in 0.257380 seconds 
========================================================================
Received Import Request.
  Time since last request: 1.330259 seconds.
  path: Assets/Prefabs/Terrain3.prefab
  artifactKey: Guid(3feed1b4611d339488e898baf0a6c98e) Importer(815301076,1909f56bfc062723c751e8b465ee728b)
Start importing Assets/Prefabs/Terrain3.prefab using Guid(3feed1b4611d339488e898baf0a6c98e) Importer(815301076,1909f56bfc062723c751e8b465ee728b)  -> (artifact id: '32f43b787c1d85d84ed13b2f9d6d5faf') in 0.303167 seconds 
========================================================================
Received Import Request.
  Time since last request: 2.907690 seconds.
  path: Assets/Prefabs/Terrain3.prefab
  artifactKey: Guid(3feed1b4611d339488e898baf0a6c98e) Importer(815301076,1909f56bfc062723c751e8b465ee728b)
Start importing Assets/Prefabs/Terrain3.prefab using Guid(3feed1b4611d339488e898baf0a6c98e) Importer(815301076,1909f56bfc062723c751e8b465ee728b)  -> (artifact id: '46979e0ed39195d1dcd495dfcd6abb08') in 0.303855 seconds 
========================================================================
Received Import Request.
  Time since last request: 2.680741 seconds.
  path: Assets/Prefabs/Terrain3.prefab
  artifactKey: Guid(3feed1b4611d339488e898baf0a6c98e) Importer(815301076,1909f56bfc062723c751e8b465ee728b)
Start importing Assets/Prefabs/Terrain3.prefab using Guid(3feed1b4611d339488e898baf0a6c98e) Importer(815301076,1909f56bfc062723c751e8b465ee728b)  -> (artifact id: '397adeb0be4a1cc93e3c3e6e6c238ed3') in 0.303905 seconds 
========================================================================
Received Import Request.
  Time since last request: 3.899954 seconds.
  path: Assets/Prefabs/Terrain3.prefab
  artifactKey: Guid(3feed1b4611d339488e898baf0a6c98e) Importer(815301076,1909f56bfc062723c751e8b465ee728b)
Start importing Assets/Prefabs/Terrain3.prefab using Guid(3feed1b4611d339488e898baf0a6c98e) Importer(815301076,1909f56bfc062723c751e8b465ee728b)  -> (artifact id: '3bbb0627fbd753b7c2a500a9d358ca4a') in 0.259605 seconds 
========================================================================
Received Import Request.
  Time since last request: 0.521579 seconds.
  path: Assets/Prefabs/Terrain3.prefab
  artifactKey: Guid(3feed1b4611d339488e898baf0a6c98e) Importer(815301076,1909f56bfc062723c751e8b465ee728b)
Start importing Assets/Prefabs/Terrain3.prefab using Guid(3feed1b4611d339488e898baf0a6c98e) Importer(815301076,1909f56bfc062723c751e8b465ee728b)  -> (artifact id: 'a8cb7605a4be63b75255f7927c8d9273') in 0.253269 seconds 
========================================================================
Received Import Request.
  Time since last request: 0.760846 seconds.
  path: Assets/Prefabs/Terrain3.prefab
  artifactKey: Guid(3feed1b4611d339488e898baf0a6c98e) Importer(815301076,1909f56bfc062723c751e8b465ee728b)
Start importing Assets/Prefabs/Terrain3.prefab using Guid(3feed1b4611d339488e898baf0a6c98e) Importer(815301076,1909f56bfc062723c751e8b465ee728b)  -> (artifact id: 'c33ceb0d230d252eea30ff5107a7e53d') in 0.304332 seconds 
========================================================================
Received Import Request.
  Time since last request: 2.298085 seconds.
  path: Assets/Prefabs/Terrain3.prefab
  artifactKey: Guid(3feed1b4611d339488e898baf0a6c98e) Importer(815301076,1909f56bfc062723c751e8b465ee728b)
Start importing Assets/Prefabs/Terrain3.prefab using Guid(3feed1b4611d339488e898baf0a6c98e) Importer(815301076,1909f56bfc062723c751e8b465ee728b)  -> (artifact id: '953d1942ae0ab8b59f454a897fb9e015') in 0.306774 seconds 
========================================================================
Received Import Request.
  Time since last request: 2.109229 seconds.
  path: Assets/Prefabs/Terrain3.prefab
  artifactKey: Guid(3feed1b4611d339488e898baf0a6c98e) Importer(815301076,1909f56bfc062723c751e8b465ee728b)
Start importing Assets/Prefabs/Terrain3.prefab using Guid(3feed1b4611d339488e898baf0a6c98e) Importer(815301076,1909f56bfc062723c751e8b465ee728b)  -> (artifact id: '21618daa94d6510814681ef432d77726') in 0.301873 seconds 
========================================================================
Received Import Request.
  Time since last request: 1.900391 seconds.
  path: Assets/Prefabs/Terrain3.prefab
  artifactKey: Guid(3feed1b4611d339488e898baf0a6c98e) Importer(815301076,1909f56bfc062723c751e8b465ee728b)
Start importing Assets/Prefabs/Terrain3.prefab using Guid(3feed1b4611d339488e898baf0a6c98e) Importer(815301076,1909f56bfc062723c751e8b465ee728b)  -> (artifact id: 'd833e22df6850274a8a34f59830c78d1') in 0.314646 seconds 
========================================================================
Received Import Request.
  Time since last request: 6.317111 seconds.
  path: Assets/Prefabs/Terrain3.prefab
  artifactKey: Guid(3feed1b4611d339488e898baf0a6c98e) Importer(815301076,1909f56bfc062723c751e8b465ee728b)
Start importing Assets/Prefabs/Terrain3.prefab using Guid(3feed1b4611d339488e898baf0a6c98e) Importer(815301076,1909f56bfc062723c751e8b465ee728b)  -> (artifact id: '96722a084ce198392788a33ebba9a64f') in 0.315371 seconds 
========================================================================
Received Import Request.
  Time since last request: 2.707000 seconds.
  path: Assets/Prefabs/Terrain3.prefab
  artifactKey: Guid(3feed1b4611d339488e898baf0a6c98e) Importer(815301076,1909f56bfc062723c751e8b465ee728b)
Start importing Assets/Prefabs/Terrain3.prefab using Guid(3feed1b4611d339488e898baf0a6c98e) Importer(815301076,1909f56bfc062723c751e8b465ee728b)  -> (artifact id: 'c4b76f4071123555c3e42988be330e24') in 0.303257 seconds 
========================================================================
Received Import Request.
  Time since last request: 3.312131 seconds.
  path: Assets/Prefabs/Terrain3.prefab
  artifactKey: Guid(3feed1b4611d339488e898baf0a6c98e) Importer(815301076,1909f56bfc062723c751e8b465ee728b)
Start importing Assets/Prefabs/Terrain3.prefab using Guid(3feed1b4611d339488e898baf0a6c98e) Importer(815301076,1909f56bfc062723c751e8b465ee728b)  -> (artifact id: '1dc14d88f156d7269bbe3fa69603d8e2') in 0.306305 seconds 
========================================================================
Received Import Request.
  Time since last request: 3.900461 seconds.
  path: Assets/Prefabs/Terrain3.prefab
  artifactKey: Guid(3feed1b4611d339488e898baf0a6c98e) Importer(815301076,1909f56bfc062723c751e8b465ee728b)
Start importing Assets/Prefabs/Terrain3.prefab using Guid(3feed1b4611d339488e898baf0a6c98e) Importer(815301076,1909f56bfc062723c751e8b465ee728b)  -> (artifact id: 'd3f4ac85d1aa50343df2226e61e60635') in 0.312600 seconds 
========================================================================
Received Import Request.
  Time since last request: 3.088816 seconds.
  path: Assets/Prefabs/Terrain3.prefab
  artifactKey: Guid(3feed1b4611d339488e898baf0a6c98e) Importer(815301076,1909f56bfc062723c751e8b465ee728b)
Start importing Assets/Prefabs/Terrain3.prefab using Guid(3feed1b4611d339488e898baf0a6c98e) Importer(815301076,1909f56bfc062723c751e8b465ee728b)  -> (artifact id: 'd4848c333af38c38b3f7e9b88c9c9ce3') in 0.314928 seconds 
========================================================================
Received Import Request.
  Time since last request: 6.721591 seconds.
  path: Assets/Prefabs/Terrain3.prefab
  artifactKey: Guid(3feed1b4611d339488e898baf0a6c98e) Importer(815301076,1909f56bfc062723c751e8b465ee728b)
Start importing Assets/Prefabs/Terrain3.prefab using Guid(3feed1b4611d339488e898baf0a6c98e) Importer(815301076,1909f56bfc062723c751e8b465ee728b)  -> (artifact id: '70bc5ea196fddfc444f3d7c5ca1884bd') in 0.314903 seconds 
========================================================================
Received Import Request.
  Time since last request: 2.525504 seconds.
  path: Assets/Prefabs/Terrain3.prefab
  artifactKey: Guid(3feed1b4611d339488e898baf0a6c98e) Importer(815301076,1909f56bfc062723c751e8b465ee728b)
Start importing Assets/Prefabs/Terrain3.prefab using Guid(3feed1b4611d339488e898baf0a6c98e) Importer(815301076,1909f56bfc062723c751e8b465ee728b)  -> (artifact id: '394d447f5240ce95c0edb5e8385c6797') in 0.347149 seconds 
========================================================================
Received Prepare
Registering precompiled user dll's ...
Registered in 0.003980 seconds.
Begin MonoManager ReloadAssembly
Native extension for WindowsStandalone target not found
Refreshing native plugins compatible for Editor in 0.91 ms, found 2 plugins.
Preloading 0 native plugins for Editor in 0.00 ms.
Mono: successfully reloaded assembly
- Completed reload, in  0.787 seconds
Domain Reload Profiling:
	ReloadAssembly (788ms)
		BeginReloadAssembly (124ms)
			ExecutionOrderSort (0ms)
			DisableScriptedObjects (4ms)
			BackupInstance (0ms)
			ReleaseScriptingObjects (0ms)
			CreateAndSetChildDomain (35ms)
		EndReloadAssembly (585ms)
			LoadAssemblies (77ms)
			RebuildTransferFunctionScriptingTraits (0ms)
			SetupTypeCache (153ms)
			ReleaseScriptCaches (1ms)
			RebuildScriptCaches (28ms)
			SetupLoadedEditorAssemblies (295ms)
				LogAssemblyErrors (0ms)
				InitializePlatformSupportModulesInManaged (4ms)
				SetLoadedEditorAssemblies (0ms)
				RefreshPlugins (1ms)
				BeforeProcessingInitializeOnLoad (39ms)
				ProcessInitializeOnLoadAttributes (223ms)
				ProcessInitializeOnLoadMethodAttributes (21ms)
				AfterProcessingInitializeOnLoad (6ms)
				EditorAssembliesLoaded (0ms)
			ExecutionOrderSort2 (0ms)
			AwakeInstancesAfterBackupRestoration (7ms)
Platform modules already initialized, skipping
Refreshing native plugins compatible for Editor in 2.15 ms, found 2 plugins.
Preloading 0 native plugins for Editor in 0.00 ms.
Unloading 2155 Unused Serialized files (Serialized files now loaded: 0)
Unloading 15 unused Assets / (24.5 KB). Loaded Objects now: 2662.
Memory consumption went from 121.6 MB to 121.6 MB.
Total: 3.147600 ms (FindLiveObjects: 0.172300 ms CreateObjectMapping: 0.092300 ms MarkObjects: 2.852500 ms  DeleteObjects: 0.029200 ms)

AssetImportParameters requested are different than current active one (requested -> active):
  custom:video-decoder-ogg-theora: a1e56fd34408186e4bbccfd4996cb3dc -> 
  custom:container-muxer-webm: aa71ff27fc2769a1b78a27578f13a17b -> 
  custom:container-demuxer-webm: 4f35f7cbe854078d1ac9338744f61a02 -> 
  custom:video-encoder-webm-vp8: eb34c28f22e8b96e1ab97ce403110664 -> 
  custom:video-codec-MediaFoundation-h265: 746d11721c4dcdbdad8f713fa42b33f4 -> 
  custom:audio-encoder-webm-vorbis: bf7c407c2cedff20999df2af8eb42d56 -> 
  custom:framework-win-MediaFoundation: 216162199b28c13a410421893ffa2e32 -> 
  custom:container-demuxer-ogg: 62fdf1f143b41e24485cea50d1cbac27 -> 
  custom:video-decoder-webm-vp8: 9c59270c3fd7afecdb556c50c9e8de78 -> 
  custom:audio-decoder-ogg-vorbis: bf7c407c2cedff20999df2af8eb42d56 -> 
========================================================================
Received Import Request.
  Time since last request: 34.720987 seconds.
  path: Assets/Prefabs/Terrain3.prefab
  artifactKey: Guid(3feed1b4611d339488e898baf0a6c98e) Importer(815301076,1909f56bfc062723c751e8b465ee728b)
Start importing Assets/Prefabs/Terrain3.prefab using Guid(3feed1b4611d339488e898baf0a6c98e) Importer(815301076,1909f56bfc062723c751e8b465ee728b)  -> (artifact id: '3f93fd8b756c43ff5b787df736af73f2') in 0.327463 seconds 
========================================================================
Received Prepare
Registering precompiled user dll's ...
Registered in 0.003981 seconds.
Begin MonoManager ReloadAssembly
Native extension for WindowsStandalone target not found
Refreshing native plugins compatible for Editor in 0.84 ms, found 2 plugins.
Preloading 0 native plugins for Editor in 0.00 ms.
Mono: successfully reloaded assembly
- Completed reload, in  0.766 seconds
Domain Reload Profiling:
	ReloadAssembly (767ms)
		BeginReloadAssembly (117ms)
			ExecutionOrderSort (0ms)
			DisableScriptedObjects (4ms)
			BackupInstance (0ms)
			ReleaseScriptingObjects (0ms)
			CreateAndSetChildDomain (30ms)
		EndReloadAssembly (574ms)
			LoadAssemblies (73ms)
			RebuildTransferFunctionScriptingTraits (0ms)
			SetupTypeCache (145ms)
			ReleaseScriptCaches (1ms)
			RebuildScriptCaches (29ms)
			SetupLoadedEditorAssemblies (296ms)
				LogAssemblyErrors (0ms)
				InitializePlatformSupportModulesInManaged (5ms)
				SetLoadedEditorAssemblies (0ms)
				RefreshPlugins (1ms)
				BeforeProcessingInitializeOnLoad (43ms)
				ProcessInitializeOnLoadAttributes (221ms)
				ProcessInitializeOnLoadMethodAttributes (19ms)
				AfterProcessingInitializeOnLoad (6ms)
				EditorAssembliesLoaded (0ms)
			ExecutionOrderSort2 (0ms)
			AwakeInstancesAfterBackupRestoration (6ms)
Platform modules already initialized, skipping
Refreshing native plugins compatible for Editor in 2.58 ms, found 2 plugins.
Preloading 0 native plugins for Editor in 0.00 ms.
Unloading 2155 Unused Serialized files (Serialized files now loaded: 0)
Unloading 15 unused Assets / (24.7 KB). Loaded Objects now: 2665.
Memory consumption went from 121.8 MB to 121.8 MB.
Total: 3.339700 ms (FindLiveObjects: 0.170900 ms CreateObjectMapping: 0.080000 ms MarkObjects: 3.063900 ms  DeleteObjects: 0.023900 ms)

AssetImportParameters requested are different than current active one (requested -> active):
  custom:video-decoder-ogg-theora: a1e56fd34408186e4bbccfd4996cb3dc -> 
  custom:container-muxer-webm: aa71ff27fc2769a1b78a27578f13a17b -> 
  custom:container-demuxer-webm: 4f35f7cbe854078d1ac9338744f61a02 -> 
  custom:video-encoder-webm-vp8: eb34c28f22e8b96e1ab97ce403110664 -> 
  custom:video-codec-MediaFoundation-h265: 746d11721c4dcdbdad8f713fa42b33f4 -> 
  custom:audio-encoder-webm-vorbis: bf7c407c2cedff20999df2af8eb42d56 -> 
  custom:framework-win-MediaFoundation: 216162199b28c13a410421893ffa2e32 -> 
  custom:container-demuxer-ogg: 62fdf1f143b41e24485cea50d1cbac27 -> 
  custom:video-decoder-webm-vp8: 9c59270c3fd7afecdb556c50c9e8de78 -> 
  custom:audio-decoder-ogg-vorbis: bf7c407c2cedff20999df2af8eb42d56 -> 
========================================================================
Received Import Request.
  Time since last request: 26.940033 seconds.
  path: Assets/Prefabs/Terrain3.prefab
  artifactKey: Guid(3feed1b4611d339488e898baf0a6c98e) Importer(815301076,1909f56bfc062723c751e8b465ee728b)
Start importing Assets/Prefabs/Terrain3.prefab using Guid(3feed1b4611d339488e898baf0a6c98e) Importer(815301076,1909f56bfc062723c751e8b465ee728b)  -> (artifact id: '54c82b8fea7ec12a880e8442c47de90a') in 0.380455 seconds 
========================================================================
Received Import Request.
  Time since last request: 10.987213 seconds.
  path: Assets/Prefabs/Terrain1.prefab
  artifactKey: Guid(4d1f2c2052eec4689b1aae856db1ec2b) Importer(815301076,1909f56bfc062723c751e8b465ee728b)
Start importing Assets/Prefabs/Terrain1.prefab using Guid(4d1f2c2052eec4689b1aae856db1ec2b) Importer(815301076,1909f56bfc062723c751e8b465ee728b)  -> (artifact id: 'b340e0d3a4f07d89400b0c55fc8755ee') in 0.060524 seconds 
========================================================================
Received Import Request.
  Time since last request: 7.320031 seconds.
  path: Assets/Prefabs/Terrain2.prefab
  artifactKey: Guid(b42994c1754c92d4886d88f26355b649) Importer(815301076,1909f56bfc062723c751e8b465ee728b)
Start importing Assets/Prefabs/Terrain2.prefab using Guid(b42994c1754c92d4886d88f26355b649) Importer(815301076,1909f56bfc062723c751e8b465ee728b)  -> (artifact id: '75712c79ebe0d529940f9b2821110869') in 0.081918 seconds 
========================================================================
Received Import Request.
  Time since last request: 19.429455 seconds.
  path: Assets/Prefabs/Terrain3.prefab
  artifactKey: Guid(3feed1b4611d339488e898baf0a6c98e) Importer(815301076,1909f56bfc062723c751e8b465ee728b)
Start importing Assets/Prefabs/Terrain3.prefab using Guid(3feed1b4611d339488e898baf0a6c98e) Importer(815301076,1909f56bfc062723c751e8b465ee728b)  -> (artifact id: 'a1bcf7231f79c816fa08183f5402a295') in 0.263350 seconds 
========================================================================
Received Import Request.
  Time since last request: 25.494010 seconds.
  path: Assets/Scripts/TimeOfDay.cs
  artifactKey: Guid(f14de017706fd40429a30c1e7cadb1fd) Importer(815301076,1909f56bfc062723c751e8b465ee728b)
Start importing Assets/Scripts/TimeOfDay.cs using Guid(f14de017706fd40429a30c1e7cadb1fd) Importer(815301076,1909f56bfc062723c751e8b465ee728b)  -> (artifact id: '8365c805979aef73ac09ee0328a92bdf') in 0.009802 seconds 
========================================================================
Received Import Request.
  Time since last request: 13.034351 seconds.
  path: Assets/Scripts/TimeOfDay.cs
  artifactKey: Guid(f14de017706fd40429a30c1e7cadb1fd) Importer(815301076,1909f56bfc062723c751e8b465ee728b)
Start importing Assets/Scripts/TimeOfDay.cs using Guid(f14de017706fd40429a30c1e7cadb1fd) Importer(815301076,1909f56bfc062723c751e8b465ee728b)  -> (artifact id: '1ff481d791c8c8706522e03da704a5c5') in 0.003199 seconds 
========================================================================
Received Import Request.
  Time since last request: 158.378134 seconds.
  path: Assets/Scripts/TimeOfDay.cs
  artifactKey: Guid(f14de017706fd40429a30c1e7cadb1fd) Importer(815301076,1909f56bfc062723c751e8b465ee728b)
Start importing Assets/Scripts/TimeOfDay.cs using Guid(f14de017706fd40429a30c1e7cadb1fd) Importer(815301076,1909f56bfc062723c751e8b465ee728b)  -> (artifact id: '01c8ca32fbde99a5b9ad01e28b32533f') in 0.001799 seconds 
========================================================================
Received Import Request.
  Time since last request: 37.560321 seconds.
  path: Assets/Scripts/TimeOfDay.cs
  artifactKey: Guid(f14de017706fd40429a30c1e7cadb1fd) Importer(815301076,1909f56bfc062723c751e8b465ee728b)
Start importing Assets/Scripts/TimeOfDay.cs using Guid(f14de017706fd40429a30c1e7cadb1fd) Importer(815301076,1909f56bfc062723c751e8b465ee728b)  -> (artifact id: 'b59a2eb5f4f1de053fd14984550521e1') in 0.001687 seconds 
========================================================================
Received Prepare
Registering precompiled user dll's ...
Registered in 0.003107 seconds.
Begin MonoManager ReloadAssembly
Native extension for WindowsStandalone target not found
Refreshing native plugins compatible for Editor in 1.12 ms, found 2 plugins.
Preloading 0 native plugins for Editor in 0.00 ms.
Mono: successfully reloaded assembly
- Completed reload, in  0.778 seconds
Domain Reload Profiling:
	ReloadAssembly (778ms)
		BeginReloadAssembly (119ms)
			ExecutionOrderSort (0ms)
			DisableScriptedObjects (4ms)
			BackupInstance (0ms)
			ReleaseScriptingObjects (0ms)
			CreateAndSetChildDomain (29ms)
		EndReloadAssembly (583ms)
			LoadAssemblies (73ms)
			RebuildTransferFunctionScriptingTraits (0ms)
			SetupTypeCache (153ms)
			ReleaseScriptCaches (1ms)
			RebuildScriptCaches (30ms)
			SetupLoadedEditorAssemblies (291ms)
				LogAssemblyErrors (0ms)
				InitializePlatformSupportModulesInManaged (5ms)
				SetLoadedEditorAssemblies (1ms)
				RefreshPlugins (1ms)
				BeforeProcessingInitializeOnLoad (44ms)
				ProcessInitializeOnLoadAttributes (216ms)
				ProcessInitializeOnLoadMethodAttributes (18ms)
				AfterProcessingInitializeOnLoad (6ms)
				EditorAssembliesLoaded (0ms)
			ExecutionOrderSort2 (0ms)
			AwakeInstancesAfterBackupRestoration (6ms)
Platform modules already initialized, skipping
Refreshing native plugins compatible for Editor in 1.63 ms, found 2 plugins.
Preloading 0 native plugins for Editor in 0.00 ms.
Unloading 2155 Unused Serialized files (Serialized files now loaded: 0)
Unloading 15 unused Assets / (24.6 KB). Loaded Objects now: 2668.
Memory consumption went from 122.0 MB to 122.0 MB.
Total: 2.936200 ms (FindLiveObjects: 0.163400 ms CreateObjectMapping: 0.074800 ms MarkObjects: 2.659500 ms  DeleteObjects: 0.037700 ms)

AssetImportParameters requested are different than current active one (requested -> active):
  custom:video-decoder-ogg-theora: a1e56fd34408186e4bbccfd4996cb3dc -> 
  custom:container-muxer-webm: aa71ff27fc2769a1b78a27578f13a17b -> 
  custom:container-demuxer-webm: 4f35f7cbe854078d1ac9338744f61a02 -> 
  custom:video-encoder-webm-vp8: eb34c28f22e8b96e1ab97ce403110664 -> 
  custom:video-codec-MediaFoundation-h265: 746d11721c4dcdbdad8f713fa42b33f4 -> 
  custom:audio-encoder-webm-vorbis: bf7c407c2cedff20999df2af8eb42d56 -> 
  custom:framework-win-MediaFoundation: 216162199b28c13a410421893ffa2e32 -> 
  custom:container-demuxer-ogg: 62fdf1f143b41e24485cea50d1cbac27 -> 
  custom:video-decoder-webm-vp8: 9c59270c3fd7afecdb556c50c9e8de78 -> 
  custom:audio-decoder-ogg-vorbis: bf7c407c2cedff20999df2af8eb42d56 -> 
========================================================================
Received Prepare
Registering precompiled user dll's ...
Registered in 0.003724 seconds.
Begin MonoManager ReloadAssembly
Native extension for WindowsStandalone target not found
Refreshing native plugins compatible for Editor in 0.83 ms, found 2 plugins.
Preloading 0 native plugins for Editor in 0.00 ms.
Mono: successfully reloaded assembly
- Completed reload, in  0.748 seconds
Domain Reload Profiling:
	ReloadAssembly (749ms)
		BeginReloadAssembly (115ms)
			ExecutionOrderSort (0ms)
			DisableScriptedObjects (5ms)
			BackupInstance (0ms)
			ReleaseScriptingObjects (0ms)
			CreateAndSetChildDomain (28ms)
		EndReloadAssembly (556ms)
			LoadAssemblies (73ms)
			RebuildTransferFunctionScriptingTraits (0ms)
			SetupTypeCache (149ms)
			ReleaseScriptCaches (1ms)
			RebuildScriptCaches (26ms)
			SetupLoadedEditorAssemblies (276ms)
				LogAssemblyErrors (0ms)
				InitializePlatformSupportModulesInManaged (5ms)
				SetLoadedEditorAssemblies (0ms)
				RefreshPlugins (1ms)
				BeforeProcessingInitializeOnLoad (39ms)
				ProcessInitializeOnLoadAttributes (205ms)
				ProcessInitializeOnLoadMethodAttributes (21ms)
				AfterProcessingInitializeOnLoad (6ms)
				EditorAssembliesLoaded (0ms)
			ExecutionOrderSort2 (0ms)
			AwakeInstancesAfterBackupRestoration (6ms)
Platform modules already initialized, skipping
Refreshing native plugins compatible for Editor in 2.23 ms, found 2 plugins.
Preloading 0 native plugins for Editor in 0.00 ms.
Unloading 2155 Unused Serialized files (Serialized files now loaded: 0)
Unloading 15 unused Assets / (24.7 KB). Loaded Objects now: 2671.
Memory consumption went from 122.0 MB to 122.0 MB.
Total: 2.996800 ms (FindLiveObjects: 0.159200 ms CreateObjectMapping: 0.075500 ms MarkObjects: 2.711200 ms  DeleteObjects: 0.048800 ms)

AssetImportParameters requested are different than current active one (requested -> active):
  custom:video-decoder-ogg-theora: a1e56fd34408186e4bbccfd4996cb3dc -> 
  custom:container-muxer-webm: aa71ff27fc2769a1b78a27578f13a17b -> 
  custom:container-demuxer-webm: 4f35f7cbe854078d1ac9338744f61a02 -> 
  custom:video-encoder-webm-vp8: eb34c28f22e8b96e1ab97ce403110664 -> 
  custom:video-codec-MediaFoundation-h265: 746d11721c4dcdbdad8f713fa42b33f4 -> 
  custom:audio-encoder-webm-vorbis: bf7c407c2cedff20999df2af8eb42d56 -> 
  custom:framework-win-MediaFoundation: 216162199b28c13a410421893ffa2e32 -> 
  custom:container-demuxer-ogg: 62fdf1f143b41e24485cea50d1cbac27 -> 
  custom:video-decoder-webm-vp8: 9c59270c3fd7afecdb556c50c9e8de78 -> 
  custom:audio-decoder-ogg-vorbis: bf7c407c2cedff20999df2af8eb42d56 -> 
========================================================================
Received Prepare
Registering precompiled user dll's ...
Registered in 0.004004 seconds.
Begin MonoManager ReloadAssembly
Native extension for WindowsStandalone target not found
Refreshing native plugins compatible for Editor in 0.84 ms, found 2 plugins.
Preloading 0 native plugins for Editor in 0.00 ms.
Mono: successfully reloaded assembly
- Completed reload, in  0.728 seconds
Domain Reload Profiling:
	ReloadAssembly (729ms)
		BeginReloadAssembly (112ms)
			ExecutionOrderSort (0ms)
			DisableScriptedObjects (5ms)
			BackupInstance (0ms)
			ReleaseScriptingObjects (0ms)
			CreateAndSetChildDomain (26ms)
		EndReloadAssembly (539ms)
			LoadAssemblies (74ms)
			RebuildTransferFunctionScriptingTraits (0ms)
			SetupTypeCache (140ms)
			ReleaseScriptCaches (1ms)
			RebuildScriptCaches (27ms)
			SetupLoadedEditorAssemblies (272ms)
				LogAssemblyErrors (0ms)
				InitializePlatformSupportModulesInManaged (4ms)
				SetLoadedEditorAssemblies (0ms)
				RefreshPlugins (1ms)
				BeforeProcessingInitializeOnLoad (39ms)
				ProcessInitializeOnLoadAttributes (203ms)
				ProcessInitializeOnLoadMethodAttributes (18ms)
				AfterProcessingInitializeOnLoad (6ms)
				EditorAssembliesLoaded (0ms)
			ExecutionOrderSort2 (0ms)
			AwakeInstancesAfterBackupRestoration (6ms)
Platform modules already initialized, skipping
Refreshing native plugins compatible for Editor in 2.11 ms, found 2 plugins.
Preloading 0 native plugins for Editor in 0.00 ms.
Unloading 2155 Unused Serialized files (Serialized files now loaded: 0)
Unloading 15 unused Assets / (24.7 KB). Loaded Objects now: 2674.
Memory consumption went from 122.0 MB to 122.0 MB.
Total: 3.360500 ms (FindLiveObjects: 0.186500 ms CreateObjectMapping: 0.087800 ms MarkObjects: 3.064700 ms  DeleteObjects: 0.020400 ms)

AssetImportParameters requested are different than current active one (requested -> active):
  custom:video-decoder-ogg-theora: a1e56fd34408186e4bbccfd4996cb3dc -> 
  custom:container-muxer-webm: aa71ff27fc2769a1b78a27578f13a17b -> 
  custom:container-demuxer-webm: 4f35f7cbe854078d1ac9338744f61a02 -> 
  custom:video-encoder-webm-vp8: eb34c28f22e8b96e1ab97ce403110664 -> 
  custom:video-codec-MediaFoundation-h265: 746d11721c4dcdbdad8f713fa42b33f4 -> 
  custom:audio-encoder-webm-vorbis: bf7c407c2cedff20999df2af8eb42d56 -> 
  custom:framework-win-MediaFoundation: 216162199b28c13a410421893ffa2e32 -> 
  custom:container-demuxer-ogg: 62fdf1f143b41e24485cea50d1cbac27 -> 
  custom:video-decoder-webm-vp8: 9c59270c3fd7afecdb556c50c9e8de78 -> 
  custom:audio-decoder-ogg-vorbis: bf7c407c2cedff20999df2af8eb42d56 -> 
========================================================================
Received Prepare
Registering precompiled user dll's ...
Registered in 0.004183 seconds.
Begin MonoManager ReloadAssembly
Native extension for WindowsStandalone target not found
Refreshing native plugins compatible for Editor in 0.85 ms, found 2 plugins.
Preloading 0 native plugins for Editor in 0.00 ms.
Mono: successfully reloaded assembly
- Completed reload, in  0.745 seconds
Domain Reload Profiling:
	ReloadAssembly (745ms)
		BeginReloadAssembly (111ms)
			ExecutionOrderSort (0ms)
			DisableScriptedObjects (5ms)
			BackupInstance (0ms)
			ReleaseScriptingObjects (0ms)
			CreateAndSetChildDomain (26ms)
		EndReloadAssembly (554ms)
			LoadAssemblies (72ms)
			RebuildTransferFunctionScriptingTraits (0ms)
			SetupTypeCache (144ms)
			ReleaseScriptCaches (1ms)
			RebuildScriptCaches (27ms)
			SetupLoadedEditorAssemblies (284ms)
				LogAssemblyErrors (0ms)
				InitializePlatformSupportModulesInManaged (4ms)
				SetLoadedEditorAssemblies (0ms)
				RefreshPlugins (1ms)
				BeforeProcessingInitializeOnLoad (38ms)
				ProcessInitializeOnLoadAttributes (214ms)
				ProcessInitializeOnLoadMethodAttributes (20ms)
				AfterProcessingInitializeOnLoad (6ms)
				EditorAssembliesLoaded (0ms)
			ExecutionOrderSort2 (0ms)
			AwakeInstancesAfterBackupRestoration (6ms)
Platform modules already initialized, skipping
Refreshing native plugins compatible for Editor in 1.86 ms, found 2 plugins.
Preloading 0 native plugins for Editor in 0.00 ms.
Unloading 2155 Unused Serialized files (Serialized files now loaded: 0)
Unloading 15 unused Assets / (24.6 KB). Loaded Objects now: 2677.
Memory consumption went from 122.0 MB to 122.0 MB.
Total: 3.300700 ms (FindLiveObjects: 0.209100 ms CreateObjectMapping: 0.102000 ms MarkObjects: 2.934000 ms  DeleteObjects: 0.054500 ms)

AssetImportParameters requested are different than current active one (requested -> active):
  custom:video-decoder-ogg-theora: a1e56fd34408186e4bbccfd4996cb3dc -> 
  custom:container-muxer-webm: aa71ff27fc2769a1b78a27578f13a17b -> 
  custom:container-demuxer-webm: 4f35f7cbe854078d1ac9338744f61a02 -> 
  custom:video-encoder-webm-vp8: eb34c28f22e8b96e1ab97ce403110664 -> 
  custom:video-codec-MediaFoundation-h265: 746d11721c4dcdbdad8f713fa42b33f4 -> 
  custom:audio-encoder-webm-vorbis: bf7c407c2cedff20999df2af8eb42d56 -> 
  custom:framework-win-MediaFoundation: 216162199b28c13a410421893ffa2e32 -> 
  custom:container-demuxer-ogg: 62fdf1f143b41e24485cea50d1cbac27 -> 
  custom:video-decoder-webm-vp8: 9c59270c3fd7afecdb556c50c9e8de78 -> 
  custom:audio-decoder-ogg-vorbis: bf7c407c2cedff20999df2af8eb42d56 -> 
========================================================================
Received Prepare
Registering precompiled user dll's ...
Registered in 0.004010 seconds.
Begin MonoManager ReloadAssembly
Native extension for WindowsStandalone target not found
Refreshing native plugins compatible for Editor in 0.81 ms, found 2 plugins.
Preloading 0 native plugins for Editor in 0.00 ms.
Mono: successfully reloaded assembly
- Completed reload, in  0.734 seconds
Domain Reload Profiling:
	ReloadAssembly (735ms)
		BeginReloadAssembly (114ms)
			ExecutionOrderSort (0ms)
			DisableScriptedObjects (5ms)
			BackupInstance (0ms)
			ReleaseScriptingObjects (0ms)
			CreateAndSetChildDomain (27ms)
		EndReloadAssembly (547ms)
			LoadAssemblies (72ms)
			RebuildTransferFunctionScriptingTraits (0ms)
			SetupTypeCache (142ms)
			ReleaseScriptCaches (1ms)
			RebuildScriptCaches (26ms)
			SetupLoadedEditorAssemblies (279ms)
				LogAssemblyErrors (0ms)
				InitializePlatformSupportModulesInManaged (4ms)
				SetLoadedEditorAssemblies (0ms)
				RefreshPlugins (1ms)
				BeforeProcessingInitializeOnLoad (38ms)
				ProcessInitializeOnLoadAttributes (206ms)
				ProcessInitializeOnLoadMethodAttributes (20ms)
				AfterProcessingInitializeOnLoad (8ms)
				EditorAssembliesLoaded (0ms)
			ExecutionOrderSort2 (0ms)
			AwakeInstancesAfterBackupRestoration (7ms)
Platform modules already initialized, skipping
Refreshing native plugins compatible for Editor in 2.50 ms, found 2 plugins.
Preloading 0 native plugins for Editor in 0.00 ms.
Unloading 2155 Unused Serialized files (Serialized files now loaded: 0)
Unloading 15 unused Assets / (24.7 KB). Loaded Objects now: 2680.
Memory consumption went from 122.0 MB to 122.0 MB.
Total: 3.823700 ms (FindLiveObjects: 0.264000 ms CreateObjectMapping: 0.098800 ms MarkObjects: 3.438700 ms  DeleteObjects: 0.021200 ms)

AssetImportParameters requested are different than current active one (requested -> active):
  custom:video-decoder-ogg-theora: a1e56fd34408186e4bbccfd4996cb3dc -> 
  custom:container-muxer-webm: aa71ff27fc2769a1b78a27578f13a17b -> 
  custom:container-demuxer-webm: 4f35f7cbe854078d1ac9338744f61a02 -> 
  custom:video-encoder-webm-vp8: eb34c28f22e8b96e1ab97ce403110664 -> 
  custom:video-codec-MediaFoundation-h265: 746d11721c4dcdbdad8f713fa42b33f4 -> 
  custom:audio-encoder-webm-vorbis: bf7c407c2cedff20999df2af8eb42d56 -> 
  custom:framework-win-MediaFoundation: 216162199b28c13a410421893ffa2e32 -> 
  custom:container-demuxer-ogg: 62fdf1f143b41e24485cea50d1cbac27 -> 
  custom:video-decoder-webm-vp8: 9c59270c3fd7afecdb556c50c9e8de78 -> 
  custom:audio-decoder-ogg-vorbis: bf7c407c2cedff20999df2af8eb42d56 -> 
========================================================================
Received Prepare
Registering precompiled user dll's ...
Registered in 0.004229 seconds.
Begin MonoManager ReloadAssembly
Native extension for WindowsStandalone target not found
Refreshing native plugins compatible for Editor in 0.95 ms, found 2 plugins.
Preloading 0 native plugins for Editor in 0.00 ms.
Mono: successfully reloaded assembly
- Completed reload, in  0.725 seconds
Domain Reload Profiling:
	ReloadAssembly (726ms)
		BeginReloadAssembly (112ms)
			ExecutionOrderSort (0ms)
			DisableScriptedObjects (5ms)
			BackupInstance (0ms)
			ReleaseScriptingObjects (0ms)
			CreateAndSetChildDomain (25ms)
		EndReloadAssembly (539ms)
			LoadAssemblies (72ms)
			RebuildTransferFunctionScriptingTraits (0ms)
			SetupTypeCache (137ms)
			ReleaseScriptCaches (1ms)
			RebuildScriptCaches (26ms)
			SetupLoadedEditorAssemblies (276ms)
				LogAssemblyErrors (0ms)
				InitializePlatformSupportModulesInManaged (4ms)
				SetLoadedEditorAssemblies (0ms)
				RefreshPlugins (1ms)
				BeforeProcessingInitializeOnLoad (42ms)
				ProcessInitializeOnLoadAttributes (201ms)
				ProcessInitializeOnLoadMethodAttributes (21ms)
				AfterProcessingInitializeOnLoad (6ms)
				EditorAssembliesLoaded (0ms)
			ExecutionOrderSort2 (0ms)
			AwakeInstancesAfterBackupRestoration (6ms)
Platform modules already initialized, skipping
Refreshing native plugins compatible for Editor in 2.51 ms, found 2 plugins.
Preloading 0 native plugins for Editor in 0.00 ms.
Unloading 2155 Unused Serialized files (Serialized files now loaded: 0)
Unloading 15 unused Assets / (24.7 KB). Loaded Objects now: 2683.
Memory consumption went from 122.0 MB to 122.0 MB.
Total: 3.073800 ms (FindLiveObjects: 0.190900 ms CreateObjectMapping: 0.093700 ms MarkObjects: 2.738200 ms  DeleteObjects: 0.050100 ms)

AssetImportParameters requested are different than current active one (requested -> active):
  custom:video-decoder-ogg-theora: a1e56fd34408186e4bbccfd4996cb3dc -> 
  custom:container-muxer-webm: aa71ff27fc2769a1b78a27578f13a17b -> 
  custom:container-demuxer-webm: 4f35f7cbe854078d1ac9338744f61a02 -> 
  custom:video-encoder-webm-vp8: eb34c28f22e8b96e1ab97ce403110664 -> 
  custom:video-codec-MediaFoundation-h265: 746d11721c4dcdbdad8f713fa42b33f4 -> 
  custom:audio-encoder-webm-vorbis: bf7c407c2cedff20999df2af8eb42d56 -> 
  custom:framework-win-MediaFoundation: 216162199b28c13a410421893ffa2e32 -> 
  custom:container-demuxer-ogg: 62fdf1f143b41e24485cea50d1cbac27 -> 
  custom:video-decoder-webm-vp8: 9c59270c3fd7afecdb556c50c9e8de78 -> 
  custom:audio-decoder-ogg-vorbis: bf7c407c2cedff20999df2af8eb42d56 -> 
========================================================================
Received Prepare
Registering precompiled user dll's ...
Registered in 0.004029 seconds.
Begin MonoManager ReloadAssembly
Native extension for WindowsStandalone target not found
Refreshing native plugins compatible for Editor in 0.79 ms, found 2 plugins.
Preloading 0 native plugins for Editor in 0.00 ms.
Mono: successfully reloaded assembly
- Completed reload, in  0.750 seconds
Domain Reload Profiling:
	ReloadAssembly (751ms)
		BeginReloadAssembly (116ms)
			ExecutionOrderSort (0ms)
			DisableScriptedObjects (5ms)
			BackupInstance (0ms)
			ReleaseScriptingObjects (0ms)
			CreateAndSetChildDomain (26ms)
		EndReloadAssembly (555ms)
			LoadAssemblies (75ms)
			RebuildTransferFunctionScriptingTraits (0ms)
			SetupTypeCache (147ms)
			ReleaseScriptCaches (1ms)
			RebuildScriptCaches (27ms)
			SetupLoadedEditorAssemblies (280ms)
				LogAssemblyErrors (0ms)
				InitializePlatformSupportModulesInManaged (4ms)
				SetLoadedEditorAssemblies (0ms)
				RefreshPlugins (1ms)
				BeforeProcessingInitializeOnLoad (39ms)
				ProcessInitializeOnLoadAttributes (212ms)
				ProcessInitializeOnLoadMethodAttributes (19ms)
				AfterProcessingInitializeOnLoad (5ms)
				EditorAssembliesLoaded (0ms)
			ExecutionOrderSort2 (0ms)
			AwakeInstancesAfterBackupRestoration (6ms)
Platform modules already initialized, skipping
Refreshing native plugins compatible for Editor in 2.30 ms, found 2 plugins.
Preloading 0 native plugins for Editor in 0.00 ms.
Unloading 2155 Unused Serialized files (Serialized files now loaded: 0)
Unloading 15 unused Assets / (24.6 KB). Loaded Objects now: 2686.
Memory consumption went from 122.0 MB to 122.0 MB.
Total: 2.872700 ms (FindLiveObjects: 0.276400 ms CreateObjectMapping: 0.087800 ms MarkObjects: 2.488200 ms  DeleteObjects: 0.019700 ms)

AssetImportParameters requested are different than current active one (requested -> active):
  custom:video-decoder-ogg-theora: a1e56fd34408186e4bbccfd4996cb3dc -> 
  custom:container-muxer-webm: aa71ff27fc2769a1b78a27578f13a17b -> 
  custom:container-demuxer-webm: 4f35f7cbe854078d1ac9338744f61a02 -> 
  custom:video-encoder-webm-vp8: eb34c28f22e8b96e1ab97ce403110664 -> 
  custom:video-codec-MediaFoundation-h265: 746d11721c4dcdbdad8f713fa42b33f4 -> 
  custom:audio-encoder-webm-vorbis: bf7c407c2cedff20999df2af8eb42d56 -> 
  custom:framework-win-MediaFoundation: 216162199b28c13a410421893ffa2e32 -> 
  custom:container-demuxer-ogg: 62fdf1f143b41e24485cea50d1cbac27 -> 
  custom:video-decoder-webm-vp8: 9c59270c3fd7afecdb556c50c9e8de78 -> 
  custom:audio-decoder-ogg-vorbis: bf7c407c2cedff20999df2af8eb42d56 -> 
========================================================================
Received Prepare
Registering precompiled user dll's ...
Registered in 0.004158 seconds.
Begin MonoManager ReloadAssembly
Native extension for WindowsStandalone target not found
Refreshing native plugins compatible for Editor in 0.89 ms, found 2 plugins.
Preloading 0 native plugins for Editor in 0.00 ms.
Mono: successfully reloaded assembly
- Completed reload, in  0.781 seconds
Domain Reload Profiling:
	ReloadAssembly (782ms)
		BeginReloadAssembly (114ms)
			ExecutionOrderSort (0ms)
			DisableScriptedObjects (5ms)
			BackupInstance (0ms)
			ReleaseScriptingObjects (0ms)
			CreateAndSetChildDomain (28ms)
		EndReloadAssembly (585ms)
			LoadAssemblies (70ms)
			RebuildTransferFunctionScriptingTraits (0ms)
			SetupTypeCache (150ms)
			ReleaseScriptCaches (1ms)
			RebuildScriptCaches (30ms)
			SetupLoadedEditorAssemblies (296ms)
				LogAssemblyErrors (0ms)
				InitializePlatformSupportModulesInManaged (4ms)
				SetLoadedEditorAssemblies (0ms)
				RefreshPlugins (1ms)
				BeforeProcessingInitializeOnLoad (40ms)
				ProcessInitializeOnLoadAttributes (218ms)
				ProcessInitializeOnLoadMethodAttributes (25ms)
				AfterProcessingInitializeOnLoad (7ms)
				EditorAssembliesLoaded (0ms)
			ExecutionOrderSort2 (0ms)
			AwakeInstancesAfterBackupRestoration (9ms)
Platform modules already initialized, skipping
Refreshing native plugins compatible for Editor in 2.52 ms, found 2 plugins.
Preloading 0 native plugins for Editor in 0.00 ms.
Unloading 2155 Unused Serialized files (Serialized files now loaded: 0)
Unloading 15 unused Assets / (24.7 KB). Loaded Objects now: 2689.
Memory consumption went from 122.0 MB to 122.0 MB.
Total: 3.702700 ms (FindLiveObjects: 0.204600 ms CreateObjectMapping: 0.097800 ms MarkObjects: 3.377700 ms  DeleteObjects: 0.021600 ms)

AssetImportParameters requested are different than current active one (requested -> active):
  custom:video-decoder-ogg-theora: a1e56fd34408186e4bbccfd4996cb3dc -> 
  custom:container-muxer-webm: aa71ff27fc2769a1b78a27578f13a17b -> 
  custom:container-demuxer-webm: 4f35f7cbe854078d1ac9338744f61a02 -> 
  custom:video-encoder-webm-vp8: eb34c28f22e8b96e1ab97ce403110664 -> 
  custom:video-codec-MediaFoundation-h265: 746d11721c4dcdbdad8f713fa42b33f4 -> 
  custom:audio-encoder-webm-vorbis: bf7c407c2cedff20999df2af8eb42d56 -> 
  custom:framework-win-MediaFoundation: 216162199b28c13a410421893ffa2e32 -> 
  custom:container-demuxer-ogg: 62fdf1f143b41e24485cea50d1cbac27 -> 
  custom:video-decoder-webm-vp8: 9c59270c3fd7afecdb556c50c9e8de78 -> 
  custom:audio-decoder-ogg-vorbis: bf7c407c2cedff20999df2af8eb42d56 -> 
