Using pre-set license
Built from '2021.3/staging' branch; Version is '2021.3.22f1 (b6c551784ba3) revision 11978065'; Using compiler version '192829333'; Build Type 'Release'
OS: 'Windows 11  (10.0.22621) 64bit Professional' Language: 'en' Physical Memory: 14188 MB
BatchMode: 1, IsHumanControllingUs: 0, StartBugReporterOnCrash: 0, Is64bit: 1, IsPro: 1

COMMAND LINE ARGUMENTS:
C:\Program Files\Unity\Hub\Editor\2021.3.22f1\Editor\Unity.exe
-adb2
-batchMode
-noUpm
-name
AssetImportWorker7
-projectPath
C:/Users/gabri/soundmanagerassingleton/P4/APDP4
-logFile
Logs/AssetImportWorker7.log
-srvPort
65507
Successfully changed project path to: C:/Users/gabri/soundmanagerassingleton/P4/APDP4
C:/Users/gabri/soundmanagerassingleton/P4/APDP4
[UnityMemory] Configuration Parameters - Can be set up in boot.config
    "memorysetup-bucket-allocator-granularity=16"
    "memorysetup-bucket-allocator-bucket-count=8"
    "memorysetup-bucket-allocator-block-size=33554432"
    "memorysetup-bucket-allocator-block-count=8"
    "memorysetup-main-allocator-block-size=16777216"
    "memorysetup-thread-allocator-block-size=16777216"
    "memorysetup-gfx-main-allocator-block-size=16777216"
    "memorysetup-gfx-thread-allocator-block-size=16777216"
    "memorysetup-cache-allocator-block-size=4194304"
    "memorysetup-typetree-allocator-block-size=2097152"
    "memorysetup-profiler-bucket-allocator-granularity=16"
    "memorysetup-profiler-bucket-allocator-bucket-count=8"
    "memorysetup-profiler-bucket-allocator-block-size=33554432"
    "memorysetup-profiler-bucket-allocator-block-count=8"
    "memorysetup-profiler-allocator-block-size=16777216"
    "memorysetup-profiler-editor-allocator-block-size=1048576"
    "memorysetup-temp-allocator-size-main=16777216"
    "memorysetup-job-temp-allocator-block-size=2097152"
    "memorysetup-job-temp-allocator-block-size-background=1048576"
    "memorysetup-job-temp-allocator-reduction-small-platforms=262144"
    "memorysetup-temp-allocator-size-background-worker=32768"
    "memorysetup-temp-allocator-size-job-worker=262144"
    "memorysetup-temp-allocator-size-preload-manager=33554432"
    "memorysetup-temp-allocator-size-nav-mesh-worker=65536"
    "memorysetup-temp-allocator-size-audio-worker=65536"
    "memorysetup-temp-allocator-size-cloud-worker=32768"
    "memorysetup-temp-allocator-size-gi-baking-worker=262144"
    "memorysetup-temp-allocator-size-gfx=262144"
Player connection [18988] Host "[IP] 172.20.10.2 [Port] 0 [Flags] 2 [Guid] 2494861212 [EditorId] 2494861212 [Version] 1048832 [Id] WindowsEditor(7,LAPTOP-HMK759AA) [Debug] 1 [PackageName] WindowsEditor [ProjectName] Editor" joined multi-casting on [225.0.0.222:54997]...

Player connection [18988] Host "[IP] 172.20.10.2 [Port] 0 [Flags] 2 [Guid] 2494861212 [EditorId] 2494861212 [Version] 1048832 [Id] WindowsEditor(7,LAPTOP-HMK759AA) [Debug] 1 [PackageName] WindowsEditor [ProjectName] Editor" joined alternative multi-casting on [225.0.0.222:34997]...

Refreshing native plugins compatible for Editor in 63.50 ms, found 2 plugins.
Preloading 0 native plugins for Editor in 0.00 ms.
Initialize engine version: 2021.3.22f1 (b6c551784ba3)
[Subsystems] Discovering subsystems at path C:/Program Files/Unity/Hub/Editor/2021.3.22f1/Editor/Data/Resources/UnitySubsystems
[Subsystems] Discovering subsystems at path C:/Users/gabri/soundmanagerassingleton/P4/APDP4/Assets
GfxDevice: creating device client; threaded=0; jobified=0
Direct3D:
    Version:  Direct3D 11.0 [level 11.1]
    Renderer: NVIDIA GeForce RTX 3050 Laptop GPU (ID=0x25a2)
    Vendor:   NVIDIA
    VRAM:     3993 MB
    Driver:   31.0.15.1654
Initialize mono
Mono path[0] = 'C:/Program Files/Unity/Hub/Editor/2021.3.22f1/Editor/Data/Managed'
Mono path[1] = 'C:/Program Files/Unity/Hub/Editor/2021.3.22f1/Editor/Data/MonoBleedingEdge/lib/mono/unityjit-win32'
Mono config path = 'C:/Program Files/Unity/Hub/Editor/2021.3.22f1/Editor/Data/MonoBleedingEdge/etc'
Using monoOptions --debugger-agent=transport=dt_socket,embedding=1,server=y,suspend=n,address=127.0.0.1:56108
Begin MonoManager ReloadAssembly
Registering precompiled unity dll's ...
Register platform support module: C:/Program Files/Unity/Hub/Editor/2021.3.22f1/Editor/Data/PlaybackEngines/WindowsStandaloneSupport/UnityEditor.WindowsStandalone.Extensions.dll
Registered in 0.003756 seconds.
Native extension for WindowsStandalone target not found
Refreshing native plugins compatible for Editor in 58.00 ms, found 2 plugins.
Preloading 0 native plugins for Editor in 0.00 ms.
Mono: successfully reloaded assembly
- Completed reload, in  0.539 seconds
Domain Reload Profiling:
	ReloadAssembly (539ms)
		BeginReloadAssembly (73ms)
			ExecutionOrderSort (0ms)
			DisableScriptedObjects (0ms)
			BackupInstance (0ms)
			ReleaseScriptingObjects (0ms)
			CreateAndSetChildDomain (1ms)
		EndReloadAssembly (389ms)
			LoadAssemblies (71ms)
			RebuildTransferFunctionScriptingTraits (0ms)
			SetupTypeCache (86ms)
			ReleaseScriptCaches (0ms)
			RebuildScriptCaches (23ms)
			SetupLoadedEditorAssemblies (236ms)
				LogAssemblyErrors (0ms)
				InitializePlatformSupportModulesInManaged (7ms)
				SetLoadedEditorAssemblies (0ms)
				RefreshPlugins (58ms)
				BeforeProcessingInitializeOnLoad (1ms)
				ProcessInitializeOnLoadAttributes (116ms)
				ProcessInitializeOnLoadMethodAttributes (54ms)
				AfterProcessingInitializeOnLoad (0ms)
				EditorAssembliesLoaded (0ms)
			ExecutionOrderSort2 (0ms)
			AwakeInstancesAfterBackupRestoration (0ms)
Platform modules already initialized, skipping
Registering precompiled user dll's ...
Registered in 0.005733 seconds.
Begin MonoManager ReloadAssembly
Native extension for WindowsStandalone target not found
Refreshing native plugins compatible for Editor in 75.91 ms, found 2 plugins.
Preloading 0 native plugins for Editor in 0.00 ms.
Mono: successfully reloaded assembly
- Completed reload, in  1.094 seconds
Domain Reload Profiling:
	ReloadAssembly (1095ms)
		BeginReloadAssembly (135ms)
			ExecutionOrderSort (0ms)
			DisableScriptedObjects (8ms)
			BackupInstance (0ms)
			ReleaseScriptingObjects (0ms)
			CreateAndSetChildDomain (26ms)
		EndReloadAssembly (846ms)
			LoadAssemblies (94ms)
			RebuildTransferFunctionScriptingTraits (0ms)
			SetupTypeCache (196ms)
			ReleaseScriptCaches (1ms)
			RebuildScriptCaches (46ms)
			SetupLoadedEditorAssemblies (480ms)
				LogAssemblyErrors (0ms)
				InitializePlatformSupportModulesInManaged (5ms)
				SetLoadedEditorAssemblies (0ms)
				RefreshPlugins (76ms)
				BeforeProcessingInitializeOnLoad (57ms)
				ProcessInitializeOnLoadAttributes (300ms)
				ProcessInitializeOnLoadMethodAttributes (32ms)
				AfterProcessingInitializeOnLoad (10ms)
				EditorAssembliesLoaded (0ms)
			ExecutionOrderSort2 (0ms)
			AwakeInstancesAfterBackupRestoration (10ms)
Platform modules already initialized, skipping
========================================================================
Worker process is ready to serve import requests
Launched and connected shader compiler UnityShaderCompiler.exe after 0.05 seconds
Refreshing native plugins compatible for Editor in 1.07 ms, found 2 plugins.
Preloading 0 native plugins for Editor in 0.00 ms.
Unloading 2181 Unused Serialized files (Serialized files now loaded: 0)
Unloading 24 unused Assets / (57.2 KB). Loaded Objects now: 2649.
Memory consumption went from 112.6 MB to 112.5 MB.
Total: 3.547100 ms (FindLiveObjects: 0.232900 ms CreateObjectMapping: 0.112900 ms MarkObjects: 3.103700 ms  DeleteObjects: 0.096100 ms)

AssetImportParameters requested are different than current active one (requested -> active):
  custom:video-decoder-ogg-theora: a1e56fd34408186e4bbccfd4996cb3dc -> 
  custom:container-muxer-webm: aa71ff27fc2769a1b78a27578f13a17b -> 
  custom:container-demuxer-webm: 4f35f7cbe854078d1ac9338744f61a02 -> 
  custom:video-encoder-webm-vp8: eb34c28f22e8b96e1ab97ce403110664 -> 
  custom:video-codec-MediaFoundation-h265: 746d11721c4dcdbdad8f713fa42b33f4 -> 
  custom:audio-encoder-webm-vorbis: bf7c407c2cedff20999df2af8eb42d56 -> 
  custom:framework-win-MediaFoundation: 216162199b28c13a410421893ffa2e32 -> 
  custom:container-demuxer-ogg: 62fdf1f143b41e24485cea50d1cbac27 -> 
  custom:video-decoder-webm-vp8: 9c59270c3fd7afecdb556c50c9e8de78 -> 
  custom:audio-decoder-ogg-vorbis: bf7c407c2cedff20999df2af8eb42d56 -> 
========================================================================
Received Import Request.
  Time since last request: 812983.852253 seconds.
  path: Assets/Assets/LowPolyPack/PolygonPrototype/Prefabs/Generic/SM_Generic_Cloud_02.prefab
  artifactKey: Guid(946ab6c23f91a5648a10f6b06cccea74) Importer(815301076,1909f56bfc062723c751e8b465ee728b)
Start importing Assets/Assets/LowPolyPack/PolygonPrototype/Prefabs/Generic/SM_Generic_Cloud_02.prefab using Guid(946ab6c23f91a5648a10f6b06cccea74) Importer(815301076,1909f56bfc062723c751e8b465ee728b)  -> (artifact id: '2e690c81d9ea349a80b6ca330ac777cb') in 0.141530 seconds 
========================================================================
Received Import Request.
  Time since last request: 0.130371 seconds.
  path: Assets/Assets/LowPolyPack/PolygonPrototype/Prefabs/Generic/SM_Generic_TreeStump_01.prefab
  artifactKey: Guid(fa66820763744ef46b5a9cfb5ef88187) Importer(815301076,1909f56bfc062723c751e8b465ee728b)
Start importing Assets/Assets/LowPolyPack/PolygonPrototype/Prefabs/Generic/SM_Generic_TreeStump_01.prefab using Guid(fa66820763744ef46b5a9cfb5ef88187) Importer(815301076,1909f56bfc062723c751e8b465ee728b)  -> (artifact id: 'c233b5fad4fe9296c013209fc4ebfa2e') in 0.022090 seconds 
========================================================================
Received Import Request.
  Time since last request: 0.000022 seconds.
  path: Assets/Assets/LowPolyPack/PolygonPrototype/Prefabs/Icons/SM_Icon_Ammo_03.prefab
  artifactKey: Guid(97eb54b65acb4534f861bea966370384) Importer(815301076,1909f56bfc062723c751e8b465ee728b)
Start importing Assets/Assets/LowPolyPack/PolygonPrototype/Prefabs/Icons/SM_Icon_Ammo_03.prefab using Guid(97eb54b65acb4534f861bea966370384) Importer(815301076,1909f56bfc062723c751e8b465ee728b)  -> (artifact id: 'a865a5e30e4fab6a43f52b81ed023815') in 0.016947 seconds 
========================================================================
Received Import Request.
  Time since last request: 0.000022 seconds.
  path: Assets/Assets/LowPolyPack/PolygonPrototype/Prefabs/Icons/SM_Icon_Arrow_Long_01.prefab
  artifactKey: Guid(17e123810e18c4a4f8e1bb1c8a497d9d) Importer(815301076,1909f56bfc062723c751e8b465ee728b)
Start importing Assets/Assets/LowPolyPack/PolygonPrototype/Prefabs/Icons/SM_Icon_Arrow_Long_01.prefab using Guid(17e123810e18c4a4f8e1bb1c8a497d9d) Importer(815301076,1909f56bfc062723c751e8b465ee728b)  -> (artifact id: '3ad4159cd6893cbc52ccb5d6c4c8d39e') in 0.021398 seconds 
========================================================================
Received Import Request.
  Time since last request: 0.000020 seconds.
  path: Assets/Assets/LowPolyPack/PolygonPrototype/Prefabs/Icons/SM_Icon_Ammo_02.prefab
  artifactKey: Guid(066f87768082f0e469955d85666f188a) Importer(815301076,1909f56bfc062723c751e8b465ee728b)
Start importing Assets/Assets/LowPolyPack/PolygonPrototype/Prefabs/Icons/SM_Icon_Ammo_02.prefab using Guid(066f87768082f0e469955d85666f188a) Importer(815301076,1909f56bfc062723c751e8b465ee728b)  -> (artifact id: 'f90c570afbc4c212835bcd74e006be70') in 0.018471 seconds 
========================================================================
Received Import Request.
  Time since last request: 0.000026 seconds.
  path: Assets/Assets/LowPolyPack/PolygonPrototype/Prefabs/Icons/SM_Icon_Arrow_Small_03.prefab
  artifactKey: Guid(6576d5990c9184d4690472055b8e50cf) Importer(815301076,1909f56bfc062723c751e8b465ee728b)
Start importing Assets/Assets/LowPolyPack/PolygonPrototype/Prefabs/Icons/SM_Icon_Arrow_Small_03.prefab using Guid(6576d5990c9184d4690472055b8e50cf) Importer(815301076,1909f56bfc062723c751e8b465ee728b)  -> (artifact id: 'ebeed58b01324f62c47ad919507af02c') in 0.016154 seconds 
========================================================================
Received Import Request.
  Time since last request: 0.000028 seconds.
  path: Assets/Assets/LowPolyPack/PolygonPrototype/Prefabs/Icons/SM_Icon_Arrow_Small_07.prefab
  artifactKey: Guid(3be0a16ee9b9e0348b1fcb0dc05e9d58) Importer(815301076,1909f56bfc062723c751e8b465ee728b)
Start importing Assets/Assets/LowPolyPack/PolygonPrototype/Prefabs/Icons/SM_Icon_Arrow_Small_07.prefab using Guid(3be0a16ee9b9e0348b1fcb0dc05e9d58) Importer(815301076,1909f56bfc062723c751e8b465ee728b)  -> (artifact id: '107e7d2ca0f2c37418511b38052dbc39') in 0.020398 seconds 
========================================================================
Received Import Request.
  Time since last request: 0.000021 seconds.
  path: Assets/Assets/LowPolyPack/PolygonPrototype/Prefabs/Icons/SM_Icon_Axe_01.prefab
  artifactKey: Guid(a6cfedc7f70b3074d9a988d36a08b92f) Importer(815301076,1909f56bfc062723c751e8b465ee728b)
Start importing Assets/Assets/LowPolyPack/PolygonPrototype/Prefabs/Icons/SM_Icon_Axe_01.prefab using Guid(a6cfedc7f70b3074d9a988d36a08b92f) Importer(815301076,1909f56bfc062723c751e8b465ee728b)  -> (artifact id: 'aca4f908655429fd32305c007575251f') in 0.022036 seconds 
========================================================================
Received Import Request.
  Time since last request: 0.000023 seconds.
  path: Assets/Assets/LowPolyPack/PolygonPrototype/Prefabs/Icons/SM_Icon_Camera_01.prefab
  artifactKey: Guid(99698dc12d556854e9958d55e495cc35) Importer(815301076,1909f56bfc062723c751e8b465ee728b)
Start importing Assets/Assets/LowPolyPack/PolygonPrototype/Prefabs/Icons/SM_Icon_Camera_01.prefab using Guid(99698dc12d556854e9958d55e495cc35) Importer(815301076,1909f56bfc062723c751e8b465ee728b)  -> (artifact id: '1fcd3ab6620ee5a303a170b111530922') in 0.021598 seconds 
========================================================================
Received Import Request.
  Time since last request: 0.000019 seconds.
  path: Assets/Assets/LowPolyPack/PolygonPrototype/Prefabs/Icons/SM_Icon_Car_01.prefab
  artifactKey: Guid(d6b5c39a59f0b5045bb2999a0651a29e) Importer(815301076,1909f56bfc062723c751e8b465ee728b)
Start importing Assets/Assets/LowPolyPack/PolygonPrototype/Prefabs/Icons/SM_Icon_Car_01.prefab using Guid(d6b5c39a59f0b5045bb2999a0651a29e) Importer(815301076,1909f56bfc062723c751e8b465ee728b)  -> (artifact id: 'f1ac9fc8a7da8d784327e80189ad8c4a') in 0.023358 seconds 
========================================================================
Received Import Request.
  Time since last request: 0.000019 seconds.
  path: Assets/Assets/LowPolyPack/PolygonPrototype/Prefabs/Icons/SM_Icon_Arrow_Small_05.prefab
  artifactKey: Guid(7d28971e21882dd46ae93ffee3024201) Importer(815301076,1909f56bfc062723c751e8b465ee728b)
Start importing Assets/Assets/LowPolyPack/PolygonPrototype/Prefabs/Icons/SM_Icon_Arrow_Small_05.prefab using Guid(7d28971e21882dd46ae93ffee3024201) Importer(815301076,1909f56bfc062723c751e8b465ee728b)  -> (artifact id: '75345f17795f6961e9c4e599b3439459') in 0.021112 seconds 
========================================================================
Received Import Request.
  Time since last request: 0.000017 seconds.
  path: Assets/Assets/LowPolyPack/PolygonPrototype/Prefabs/Icons/SM_Icon_Controller_01.prefab
  artifactKey: Guid(670095002324ee240a76c644c6bc1c57) Importer(815301076,1909f56bfc062723c751e8b465ee728b)
Start importing Assets/Assets/LowPolyPack/PolygonPrototype/Prefabs/Icons/SM_Icon_Controller_01.prefab using Guid(670095002324ee240a76c644c6bc1c57) Importer(815301076,1909f56bfc062723c751e8b465ee728b)  -> (artifact id: 'f9c00faa518bcad25acd338627b72137') in 0.020783 seconds 
========================================================================
Received Import Request.
  Time since last request: 0.000016 seconds.
  path: Assets/Assets/LowPolyPack/PolygonPrototype/Prefabs/Icons/SM_Icon_Folder_01.prefab
  artifactKey: Guid(f4a97a0103026ec4792b7e17f8223dbc) Importer(815301076,1909f56bfc062723c751e8b465ee728b)
Start importing Assets/Assets/LowPolyPack/PolygonPrototype/Prefabs/Icons/SM_Icon_Folder_01.prefab using Guid(f4a97a0103026ec4792b7e17f8223dbc) Importer(815301076,1909f56bfc062723c751e8b465ee728b)  -> (artifact id: '4acd562c87af5620ca8168e05eb322ef') in 0.019296 seconds 
========================================================================
Received Import Request.
  Time since last request: 0.000022 seconds.
  path: Assets/Assets/LowPolyPack/PolygonPrototype/Prefabs/Icons/SM_Icon_Health_01.prefab
  artifactKey: Guid(c10dce192eb6319479589ded5f0757ff) Importer(815301076,1909f56bfc062723c751e8b465ee728b)
Start importing Assets/Assets/LowPolyPack/PolygonPrototype/Prefabs/Icons/SM_Icon_Health_01.prefab using Guid(c10dce192eb6319479589ded5f0757ff) Importer(815301076,1909f56bfc062723c751e8b465ee728b)  -> (artifact id: '0524f29d1ede09d72937fca3f77465ef') in 0.019186 seconds 
========================================================================
Received Import Request.
  Time since last request: 0.000020 seconds.
  path: Assets/Assets/LowPolyPack/PolygonPrototype/Prefabs/Icons/SM_Icon_Key_01.prefab
  artifactKey: Guid(b2a695e06c2e5b2479e979dd3b2197e8) Importer(815301076,1909f56bfc062723c751e8b465ee728b)
Start importing Assets/Assets/LowPolyPack/PolygonPrototype/Prefabs/Icons/SM_Icon_Key_01.prefab using Guid(b2a695e06c2e5b2479e979dd3b2197e8) Importer(815301076,1909f56bfc062723c751e8b465ee728b)  -> (artifact id: '83d7c0f5fe69eca218736f2a5bf581e0') in 0.020590 seconds 
========================================================================
Received Import Request.
  Time since last request: 0.000020 seconds.
  path: Assets/Assets/LowPolyPack/PolygonPrototype/Prefabs/Icons/SM_Icon_Letter_C_01.prefab
  artifactKey: Guid(6e3d60155f21e3b45925e3c48d8b103a) Importer(815301076,1909f56bfc062723c751e8b465ee728b)
Start importing Assets/Assets/LowPolyPack/PolygonPrototype/Prefabs/Icons/SM_Icon_Letter_C_01.prefab using Guid(6e3d60155f21e3b45925e3c48d8b103a) Importer(815301076,1909f56bfc062723c751e8b465ee728b)  -> (artifact id: 'f198d1f389bb79569e7cea81c5f7f3fd') in 0.039670 seconds 
========================================================================
Received Import Request.
  Time since last request: 0.000030 seconds.
  path: Assets/Assets/LowPolyPack/PolygonPrototype/Prefabs/Icons/SM_Icon_Guage_01.prefab
  artifactKey: Guid(68bad1cd05d95b94699b8b61b594f053) Importer(815301076,1909f56bfc062723c751e8b465ee728b)
Start importing Assets/Assets/LowPolyPack/PolygonPrototype/Prefabs/Icons/SM_Icon_Guage_01.prefab using Guid(68bad1cd05d95b94699b8b61b594f053) Importer(815301076,1909f56bfc062723c751e8b465ee728b)  -> (artifact id: 'd1869572eb9b40106ee5ddcdd37fefd8') in 0.030087 seconds 
========================================================================
Received Import Request.
  Time since last request: 0.129265 seconds.
  path: Assets/Assets/LowPolyPack/PolygonPrototype/Prefabs/Icons/SM_Icon_Letter_G_01.prefab
  artifactKey: Guid(2742807108db3c34ab5e17733a26fe32) Importer(815301076,1909f56bfc062723c751e8b465ee728b)
Start importing Assets/Assets/LowPolyPack/PolygonPrototype/Prefabs/Icons/SM_Icon_Letter_G_01.prefab using Guid(2742807108db3c34ab5e17733a26fe32) Importer(815301076,1909f56bfc062723c751e8b465ee728b)  -> (artifact id: 'd3f284880e90072fca78d32e6c93bf10') in 0.021259 seconds 
========================================================================
Received Import Request.
  Time since last request: 0.000023 seconds.
  path: Assets/Assets/LowPolyPack/PolygonPrototype/Prefabs/Icons/SM_Icon_Letter_L_01.prefab
  artifactKey: Guid(c28f42d448414574ba705455801920cb) Importer(815301076,1909f56bfc062723c751e8b465ee728b)
Start importing Assets/Assets/LowPolyPack/PolygonPrototype/Prefabs/Icons/SM_Icon_Letter_L_01.prefab using Guid(c28f42d448414574ba705455801920cb) Importer(815301076,1909f56bfc062723c751e8b465ee728b)  -> (artifact id: 'e89e788bb2d74677a90c4f46d26040cb') in 0.018908 seconds 
========================================================================
Received Import Request.
  Time since last request: 0.000021 seconds.
  path: Assets/Assets/LowPolyPack/PolygonPrototype/Prefabs/Icons/SM_Icon_Letter_N_01.prefab
  artifactKey: Guid(69730822429098f41a356a4225466c93) Importer(815301076,1909f56bfc062723c751e8b465ee728b)
Start importing Assets/Assets/LowPolyPack/PolygonPrototype/Prefabs/Icons/SM_Icon_Letter_N_01.prefab using Guid(69730822429098f41a356a4225466c93) Importer(815301076,1909f56bfc062723c751e8b465ee728b)  -> (artifact id: '9d372247bb8643df965e5cd74d4d39f5') in 0.019662 seconds 
========================================================================
Received Import Request.
  Time since last request: 0.004546 seconds.
  path: Assets/Assets/LowPolyPack/PolygonPrototype/Prefabs/Icons/SM_Icon_Letter_Question_01.prefab
  artifactKey: Guid(739d483b7f2e9b542af115dd3353ad7a) Importer(815301076,1909f56bfc062723c751e8b465ee728b)
Start importing Assets/Assets/LowPolyPack/PolygonPrototype/Prefabs/Icons/SM_Icon_Letter_Question_01.prefab using Guid(739d483b7f2e9b542af115dd3353ad7a) Importer(815301076,1909f56bfc062723c751e8b465ee728b)  -> (artifact id: 'f631679a9cc46098b16d6c79658c9060') in 0.021374 seconds 
========================================================================
Received Import Request.
  Time since last request: 0.000018 seconds.
  path: Assets/Assets/LowPolyPack/PolygonPrototype/Prefabs/Icons/SM_Icon_Letter_U_01.prefab
  artifactKey: Guid(958d3b31b640ec34797cc16885bea1ce) Importer(815301076,1909f56bfc062723c751e8b465ee728b)
Start importing Assets/Assets/LowPolyPack/PolygonPrototype/Prefabs/Icons/SM_Icon_Letter_U_01.prefab using Guid(958d3b31b640ec34797cc16885bea1ce) Importer(815301076,1909f56bfc062723c751e8b465ee728b)  -> (artifact id: 'b0ebdc90d71e46e5f0863400b0770c41') in 0.018955 seconds 
========================================================================
Received Import Request.
  Time since last request: 0.000022 seconds.
  path: Assets/Assets/LowPolyPack/PolygonPrototype/Prefabs/Icons/SM_Icon_Letter_Z_01.prefab
  artifactKey: Guid(1e2504868436ebd47b70c3ffd898c8bb) Importer(815301076,1909f56bfc062723c751e8b465ee728b)
Start importing Assets/Assets/LowPolyPack/PolygonPrototype/Prefabs/Icons/SM_Icon_Letter_Z_01.prefab using Guid(1e2504868436ebd47b70c3ffd898c8bb) Importer(815301076,1909f56bfc062723c751e8b465ee728b)  -> (artifact id: 'd47c66f886af42fb12238aa615f582d6') in 0.019170 seconds 
========================================================================
Received Import Request.
  Time since last request: 0.021855 seconds.
  path: Assets/Assets/LowPolyPack/PolygonPrototype/Prefabs/Icons/SM_Icon_Light_Spotlight_01.prefab
  artifactKey: Guid(70b3d2ddfc6ce7e469cfa4a3813595ad) Importer(815301076,1909f56bfc062723c751e8b465ee728b)
Start importing Assets/Assets/LowPolyPack/PolygonPrototype/Prefabs/Icons/SM_Icon_Light_Spotlight_01.prefab using Guid(70b3d2ddfc6ce7e469cfa4a3813595ad) Importer(815301076,1909f56bfc062723c751e8b465ee728b)  -> (artifact id: '7c691d77b0eb4af182fefa3db562f724') in 0.021673 seconds 
========================================================================
Received Import Request.
  Time since last request: 0.000024 seconds.
  path: Assets/Assets/LowPolyPack/PolygonPrototype/Prefabs/Icons/SM_Icon_Number_1_01.prefab
  artifactKey: Guid(c3f6e7fc6c3e6a84b9e112980d679be3) Importer(815301076,1909f56bfc062723c751e8b465ee728b)
Start importing Assets/Assets/LowPolyPack/PolygonPrototype/Prefabs/Icons/SM_Icon_Number_1_01.prefab using Guid(c3f6e7fc6c3e6a84b9e112980d679be3) Importer(815301076,1909f56bfc062723c751e8b465ee728b)  -> (artifact id: 'c0a1ca79e89feab2c895464c65d7b1d9') in 0.018196 seconds 
========================================================================
Received Import Request.
  Time since last request: 0.000034 seconds.
  path: Assets/Assets/LowPolyPack/PolygonPrototype/Prefabs/Icons/SM_Icon_Number_6_01.prefab
  artifactKey: Guid(5bdf60b080dcd8748b464c90be41a749) Importer(815301076,1909f56bfc062723c751e8b465ee728b)
Start importing Assets/Assets/LowPolyPack/PolygonPrototype/Prefabs/Icons/SM_Icon_Number_6_01.prefab using Guid(5bdf60b080dcd8748b464c90be41a749) Importer(815301076,1909f56bfc062723c751e8b465ee728b)  -> (artifact id: 'aae4cb966b9ef87740afbf7886594981') in 0.017663 seconds 
========================================================================
Received Import Request.
  Time since last request: 0.000019 seconds.
  path: Assets/Assets/LowPolyPack/PolygonPrototype/Prefabs/Icons/SM_Icon_Number_9_01.prefab
  artifactKey: Guid(f0821e806418eb0448fe36d51e8de17c) Importer(815301076,1909f56bfc062723c751e8b465ee728b)
Start importing Assets/Assets/LowPolyPack/PolygonPrototype/Prefabs/Icons/SM_Icon_Number_9_01.prefab using Guid(f0821e806418eb0448fe36d51e8de17c) Importer(815301076,1909f56bfc062723c751e8b465ee728b)  -> (artifact id: '827a1db55f8b16fc22cbe2a6c8227cff') in 0.019303 seconds 
========================================================================
Received Import Request.
  Time since last request: 0.000022 seconds.
  path: Assets/Assets/LowPolyPack/PolygonPrototype/Prefabs/Icons/SM_Icon_Player_01.prefab
  artifactKey: Guid(6883331e3d333ee448be2c18429d0d5b) Importer(815301076,1909f56bfc062723c751e8b465ee728b)
Start importing Assets/Assets/LowPolyPack/PolygonPrototype/Prefabs/Icons/SM_Icon_Player_01.prefab using Guid(6883331e3d333ee448be2c18429d0d5b) Importer(815301076,1909f56bfc062723c751e8b465ee728b)  -> (artifact id: '752b7ab3798b0d4e480dfc7951a06aa1') in 0.019167 seconds 
========================================================================
Received Import Request.
  Time since last request: 0.000046 seconds.
  path: Assets/Assets/LowPolyPack/PolygonPrototype/Prefabs/Icons/SM_Icon_Save_01.prefab
  artifactKey: Guid(9f70a41a72d944c4b8b13981cb235e50) Importer(815301076,1909f56bfc062723c751e8b465ee728b)
Start importing Assets/Assets/LowPolyPack/PolygonPrototype/Prefabs/Icons/SM_Icon_Save_01.prefab using Guid(9f70a41a72d944c4b8b13981cb235e50) Importer(815301076,1909f56bfc062723c751e8b465ee728b)  -> (artifact id: 'bf28babb9b4f288c7e34157aa1a7520a') in 0.020384 seconds 
========================================================================
Received Import Request.
  Time since last request: 0.000022 seconds.
  path: Assets/Assets/LowPolyPack/PolygonPrototype/Prefabs/Icons/SM_Icon_SelectionRing_01.prefab
  artifactKey: Guid(7384e233828f7bf4b88aeb1a36a9b104) Importer(815301076,1909f56bfc062723c751e8b465ee728b)
Start importing Assets/Assets/LowPolyPack/PolygonPrototype/Prefabs/Icons/SM_Icon_SelectionRing_01.prefab using Guid(7384e233828f7bf4b88aeb1a36a9b104) Importer(815301076,1909f56bfc062723c751e8b465ee728b)  -> (artifact id: '9a43393cf5288de29a7a01314dfddf2e') in 0.019500 seconds 
========================================================================
Received Import Request.
  Time since last request: 0.000079 seconds.
  path: Assets/Assets/LowPolyPack/PolygonPrototype/Prefabs/Icons/SM_Icon_Shield_01.prefab
  artifactKey: Guid(1961192e49bb4e14a96c112a868b1389) Importer(815301076,1909f56bfc062723c751e8b465ee728b)
Start importing Assets/Assets/LowPolyPack/PolygonPrototype/Prefabs/Icons/SM_Icon_Shield_01.prefab using Guid(1961192e49bb4e14a96c112a868b1389) Importer(815301076,1909f56bfc062723c751e8b465ee728b)  -> (artifact id: 'cc21627a1701d2028d9a05cef276b238') in 0.021865 seconds 
========================================================================
Received Import Request.
  Time since last request: 0.000021 seconds.
  path: Assets/Assets/LowPolyPack/PolygonPrototype/Prefabs/Icons/SM_Icon_Number_5_01.prefab
  artifactKey: Guid(edb94f6a4d78d78428b82adb73621cf7) Importer(815301076,1909f56bfc062723c751e8b465ee728b)
Start importing Assets/Assets/LowPolyPack/PolygonPrototype/Prefabs/Icons/SM_Icon_Number_5_01.prefab using Guid(edb94f6a4d78d78428b82adb73621cf7) Importer(815301076,1909f56bfc062723c751e8b465ee728b)  -> (artifact id: '2dbd0242be920f0627f195b340e0f08f') in 0.020297 seconds 
========================================================================
Received Import Request.
  Time since last request: 0.000020 seconds.
  path: Assets/Assets/LowPolyPack/PolygonPrototype/Prefabs/Icons/SM_Icon_SpeechBubble_03.prefab
  artifactKey: Guid(2ac4be90ecc4a69449332b46ea38da8e) Importer(815301076,1909f56bfc062723c751e8b465ee728b)
Start importing Assets/Assets/LowPolyPack/PolygonPrototype/Prefabs/Icons/SM_Icon_SpeechBubble_03.prefab using Guid(2ac4be90ecc4a69449332b46ea38da8e) Importer(815301076,1909f56bfc062723c751e8b465ee728b)  -> (artifact id: '75bf1cc6aedba67127a261f5cee76f8d') in 0.019990 seconds 
========================================================================
Received Import Request.
  Time since last request: 0.000019 seconds.
  path: Assets/Assets/LowPolyPack/PolygonPrototype/Prefabs/Icons/SM_Icon_System_01.prefab
  artifactKey: Guid(dd7967db9a118444ca122b8b7c915907) Importer(815301076,1909f56bfc062723c751e8b465ee728b)
Start importing Assets/Assets/LowPolyPack/PolygonPrototype/Prefabs/Icons/SM_Icon_System_01.prefab using Guid(dd7967db9a118444ca122b8b7c915907) Importer(815301076,1909f56bfc062723c751e8b465ee728b)  -> (artifact id: '4f9e6f79086107c76c524c7639614cc0') in 0.019371 seconds 
========================================================================
Received Import Request.
  Time since last request: 0.000022 seconds.
  path: Assets/Assets/LowPolyPack/PolygonPrototype/Prefabs/Icons/SM_Icon_Ute_01.prefab
  artifactKey: Guid(2384925c06270ed4b9da0fe033ca776a) Importer(815301076,1909f56bfc062723c751e8b465ee728b)
Start importing Assets/Assets/LowPolyPack/PolygonPrototype/Prefabs/Icons/SM_Icon_Ute_01.prefab using Guid(2384925c06270ed4b9da0fe033ca776a) Importer(815301076,1909f56bfc062723c751e8b465ee728b)  -> (artifact id: 'ed6b2667a785024d7e9a371d7d8ca757') in 0.022146 seconds 
========================================================================
Received Import Request.
  Time since last request: 0.000030 seconds.
  path: Assets/Assets/LowPolyPack/PolygonPrototype/Prefabs/Icons/SM_Icon_Number_2_01.prefab
  artifactKey: Guid(865a62eafdecee64ab9e947e326488d8) Importer(815301076,1909f56bfc062723c751e8b465ee728b)
Start importing Assets/Assets/LowPolyPack/PolygonPrototype/Prefabs/Icons/SM_Icon_Number_2_01.prefab using Guid(865a62eafdecee64ab9e947e326488d8) Importer(815301076,1909f56bfc062723c751e8b465ee728b)  -> (artifact id: 'c5c1f6dd01ee80a0ea422975d05bd3bd') in 0.024750 seconds 
========================================================================
Received Import Request.
  Time since last request: 0.166771 seconds.
  path: Assets/Assets/LowPolyPack/PolygonPrototype/Prefabs/Icons/SM_Icon_Weather_Cloudy_01.prefab
  artifactKey: Guid(08304228151c37a4c952b71e6689603d) Importer(815301076,1909f56bfc062723c751e8b465ee728b)
Start importing Assets/Assets/LowPolyPack/PolygonPrototype/Prefabs/Icons/SM_Icon_Weather_Cloudy_01.prefab using Guid(08304228151c37a4c952b71e6689603d) Importer(815301076,1909f56bfc062723c751e8b465ee728b)  -> (artifact id: 'a45df4eddd27b54ad8ef0a361444fa10') in 0.021755 seconds 
========================================================================
Received Import Request.
  Time since last request: 0.014183 seconds.
  path: Assets/Assets/LowPolyPack/PolygonHeist/Prefab/Masks/SM_Item_Hair_Eyebrow_Woman_01.prefab
  artifactKey: Guid(9a0a94ff309ffc0468f09b80c850e634) Importer(815301076,1909f56bfc062723c751e8b465ee728b)
Start importing Assets/Assets/LowPolyPack/PolygonHeist/Prefab/Masks/SM_Item_Hair_Eyebrow_Woman_01.prefab using Guid(9a0a94ff309ffc0468f09b80c850e634) Importer(815301076,1909f56bfc062723c751e8b465ee728b)  -> (artifact id: '3dbca58d976888b1c597efdaf553ddba') in 0.019109 seconds 
========================================================================
Received Import Request.
  Time since last request: 0.011821 seconds.
  path: Assets/Assets/LowPolyPack/PolygonHeist/Prefab/Masks/SM_Item_Mask_Chicken_01.prefab
  artifactKey: Guid(e623934734aa75948abaa4aa62c9e146) Importer(815301076,1909f56bfc062723c751e8b465ee728b)
Start importing Assets/Assets/LowPolyPack/PolygonHeist/Prefab/Masks/SM_Item_Mask_Chicken_01.prefab using Guid(e623934734aa75948abaa4aa62c9e146) Importer(815301076,1909f56bfc062723c751e8b465ee728b)  -> (artifact id: '30e3528417e78e8bb3ba623fcf2f61e8') in 0.017321 seconds 
========================================================================
Received Import Request.
  Time since last request: 0.000022 seconds.
  path: Assets/Assets/LowPolyPack/PolygonHeist/Prefab/Masks/SM_Item_Mask_Hockey_01.prefab
  artifactKey: Guid(d5883558a24cdab4ca1beadb80799d74) Importer(815301076,1909f56bfc062723c751e8b465ee728b)
Start importing Assets/Assets/LowPolyPack/PolygonHeist/Prefab/Masks/SM_Item_Mask_Hockey_01.prefab using Guid(d5883558a24cdab4ca1beadb80799d74) Importer(815301076,1909f56bfc062723c751e8b465ee728b)  -> (artifact id: '598ffb0a66fcff331c7fdaa7f8d0f96d') in 0.017399 seconds 
========================================================================
Received Import Request.
  Time since last request: 0.000037 seconds.
  path: Assets/Assets/LowPolyPack/PolygonHeist/Prefab/Masks/SM_Item_Mask_Gas_01.prefab
  artifactKey: Guid(4f674d29a54e07d4db2e03be4011407e) Importer(815301076,1909f56bfc062723c751e8b465ee728b)
Start importing Assets/Assets/LowPolyPack/PolygonHeist/Prefab/Masks/SM_Item_Mask_Gas_01.prefab using Guid(4f674d29a54e07d4db2e03be4011407e) Importer(815301076,1909f56bfc062723c751e8b465ee728b)  -> (artifact id: '55fc7ac597336b0a7219ee98ace52f88') in 0.015170 seconds 
========================================================================
Received Import Request.
  Time since last request: 0.000021 seconds.
  path: Assets/Assets/LowPolyPack/PolygonHeist/Prefab/Masks/SM_Item_Mask_Luchador_01.prefab
  artifactKey: Guid(b2fe39e023cc2f14f8612c39dac02cf5) Importer(815301076,1909f56bfc062723c751e8b465ee728b)
Start importing Assets/Assets/LowPolyPack/PolygonHeist/Prefab/Masks/SM_Item_Mask_Luchador_01.prefab using Guid(b2fe39e023cc2f14f8612c39dac02cf5) Importer(815301076,1909f56bfc062723c751e8b465ee728b)  -> (artifact id: 'b135274f28f87b91a26687cd5ae2876b') in 0.016107 seconds 
========================================================================
Received Import Request.
  Time since last request: 0.000032 seconds.
  path: Assets/Assets/LowPolyPack/PolygonHeist/Prefab/Masks/SM_Item_Mask_Tiger_01.prefab
  artifactKey: Guid(8cf39fddff0960249834e0ab7cf892aa) Importer(815301076,1909f56bfc062723c751e8b465ee728b)
Start importing Assets/Assets/LowPolyPack/PolygonHeist/Prefab/Masks/SM_Item_Mask_Tiger_01.prefab using Guid(8cf39fddff0960249834e0ab7cf892aa) Importer(815301076,1909f56bfc062723c751e8b465ee728b)  -> (artifact id: '804923eb5c9a2a96964d151c00725235') in 0.022805 seconds 
========================================================================
Received Import Request.
  Time since last request: 0.000023 seconds.
  path: Assets/Assets/LowPolyPack/PolygonPrototype/Prefabs/Icons/SM_Note_Blank_01.prefab
  artifactKey: Guid(d6715ba281ee38748b8bd7effe72733a) Importer(815301076,1909f56bfc062723c751e8b465ee728b)
Start importing Assets/Assets/LowPolyPack/PolygonPrototype/Prefabs/Icons/SM_Note_Blank_01.prefab using Guid(d6715ba281ee38748b8bd7effe72733a) Importer(815301076,1909f56bfc062723c751e8b465ee728b)  -> (artifact id: '31c87dcff8b26cadb5ae96f4fa1a57ec') in 0.018627 seconds 
========================================================================
Received Import Request.
  Time since last request: 0.000021 seconds.
  path: Assets/Assets/LowPolyPack/PolygonPrototype/Prefabs/Icons/SM_Note_Done_01.prefab
  artifactKey: Guid(42db853d8b786af4db3e0c470d2e40a8) Importer(815301076,1909f56bfc062723c751e8b465ee728b)
Start importing Assets/Assets/LowPolyPack/PolygonPrototype/Prefabs/Icons/SM_Note_Done_01.prefab using Guid(42db853d8b786af4db3e0c470d2e40a8) Importer(815301076,1909f56bfc062723c751e8b465ee728b)  -> (artifact id: '7239c8713da3fb731908a9ba3c4a68cc') in 0.021581 seconds 
Editor requested this worker to shutdown with reason: Scaling down because of idle timeout
AssetImportWorker is now disconnected from the server
Process exiting
Exiting without the bug reporter. Application will terminate with return code 0