Using pre-set license
Built from '2021.3/staging' branch; Version is '2021.3.22f1 (b6c551784ba3) revision 11978065'; Using compiler version '192829333'; Build Type 'Release'
OS: 'Windows 11  (10.0.22621) 64bit Professional' Language: 'en' Physical Memory: 14188 MB
BatchMode: 1, IsHumanControllingUs: 0, StartBugReporterOnCrash: 0, Is64bit: 1, IsPro: 1

COMMAND LINE ARGUMENTS:
C:\Program Files\Unity\Hub\Editor\2021.3.22f1\Editor\Unity.exe
-adb2
-batchMode
-noUpm
-name
AssetImportWorker0
-projectPath
C:/Users/gabri/soundmanagerassingleton/P4/APDP4
-logFile
Logs/AssetImportWorker0.log
-srvPort
55638
Successfully changed project path to: C:/Users/gabri/soundmanagerassingleton/P4/APDP4
C:/Users/gabri/soundmanagerassingleton/P4/APDP4
[UnityMemory] Configuration Parameters - Can be set up in boot.config
    "memorysetup-bucket-allocator-granularity=16"
    "memorysetup-bucket-allocator-bucket-count=8"
    "memorysetup-bucket-allocator-block-size=33554432"
    "memorysetup-bucket-allocator-block-count=8"
    "memorysetup-main-allocator-block-size=16777216"
    "memorysetup-thread-allocator-block-size=16777216"
    "memorysetup-gfx-main-allocator-block-size=16777216"
    "memorysetup-gfx-thread-allocator-block-size=16777216"
    "memorysetup-cache-allocator-block-size=4194304"
    "memorysetup-typetree-allocator-block-size=2097152"
    "memorysetup-profiler-bucket-allocator-granularity=16"
    "memorysetup-profiler-bucket-allocator-bucket-count=8"
    "memorysetup-profiler-bucket-allocator-block-size=33554432"
    "memorysetup-profiler-bucket-allocator-block-count=8"
    "memorysetup-profiler-allocator-block-size=16777216"
    "memorysetup-profiler-editor-allocator-block-size=1048576"
    "memorysetup-temp-allocator-size-main=16777216"
    "memorysetup-job-temp-allocator-block-size=2097152"
    "memorysetup-job-temp-allocator-block-size-background=1048576"
    "memorysetup-job-temp-allocator-reduction-small-platforms=262144"
    "memorysetup-temp-allocator-size-background-worker=32768"
    "memorysetup-temp-allocator-size-job-worker=262144"
    "memorysetup-temp-allocator-size-preload-manager=33554432"
    "memorysetup-temp-allocator-size-nav-mesh-worker=65536"
    "memorysetup-temp-allocator-size-audio-worker=65536"
    "memorysetup-temp-allocator-size-cloud-worker=32768"
    "memorysetup-temp-allocator-size-gi-baking-worker=262144"
    "memorysetup-temp-allocator-size-gfx=262144"
Player connection [24632] Host "[IP] 172.20.10.2 [Port] 0 [Flags] 2 [Guid] 444574795 [EditorId] 444574795 [Version] 1048832 [Id] WindowsEditor(7,LAPTOP-HMK759AA) [Debug] 1 [PackageName] WindowsEditor [ProjectName] Editor" joined multi-casting on [225.0.0.222:54997]...

Player connection [24632] Host "[IP] 172.20.10.2 [Port] 0 [Flags] 2 [Guid] 444574795 [EditorId] 444574795 [Version] 1048832 [Id] WindowsEditor(7,LAPTOP-HMK759AA) [Debug] 1 [PackageName] WindowsEditor [ProjectName] Editor" joined alternative multi-casting on [225.0.0.222:34997]...

Refreshing native plugins compatible for Editor in 60.49 ms, found 2 plugins.
Preloading 0 native plugins for Editor in 0.00 ms.
Initialize engine version: 2021.3.22f1 (b6c551784ba3)
[Subsystems] Discovering subsystems at path C:/Program Files/Unity/Hub/Editor/2021.3.22f1/Editor/Data/Resources/UnitySubsystems
[Subsystems] Discovering subsystems at path C:/Users/gabri/soundmanagerassingleton/P4/APDP4/Assets
GfxDevice: creating device client; threaded=0; jobified=0
Direct3D:
    Version:  Direct3D 11.0 [level 11.1]
    Renderer: NVIDIA GeForce RTX 3050 Laptop GPU (ID=0x25a2)
    Vendor:   NVIDIA
    VRAM:     3993 MB
    Driver:   31.0.15.1654
Initialize mono
Mono path[0] = 'C:/Program Files/Unity/Hub/Editor/2021.3.22f1/Editor/Data/Managed'
Mono path[1] = 'C:/Program Files/Unity/Hub/Editor/2021.3.22f1/Editor/Data/MonoBleedingEdge/lib/mono/unityjit-win32'
Mono config path = 'C:/Program Files/Unity/Hub/Editor/2021.3.22f1/Editor/Data/MonoBleedingEdge/etc'
Using monoOptions --debugger-agent=transport=dt_socket,embedding=1,server=y,suspend=n,address=127.0.0.1:56800
Begin MonoManager ReloadAssembly
Registering precompiled unity dll's ...
Register platform support module: C:/Program Files/Unity/Hub/Editor/2021.3.22f1/Editor/Data/PlaybackEngines/WindowsStandaloneSupport/UnityEditor.WindowsStandalone.Extensions.dll
Registered in 0.004499 seconds.
Native extension for WindowsStandalone target not found
Refreshing native plugins compatible for Editor in 53.96 ms, found 2 plugins.
Preloading 0 native plugins for Editor in 0.00 ms.
Mono: successfully reloaded assembly
- Completed reload, in  0.552 seconds
Domain Reload Profiling:
	ReloadAssembly (553ms)
		BeginReloadAssembly (86ms)
			ExecutionOrderSort (0ms)
			DisableScriptedObjects (0ms)
			BackupInstance (0ms)
			ReleaseScriptingObjects (0ms)
			CreateAndSetChildDomain (1ms)
		EndReloadAssembly (381ms)
			LoadAssemblies (84ms)
			RebuildTransferFunctionScriptingTraits (0ms)
			SetupTypeCache (95ms)
			ReleaseScriptCaches (0ms)
			RebuildScriptCaches (21ms)
			SetupLoadedEditorAssemblies (220ms)
				LogAssemblyErrors (0ms)
				InitializePlatformSupportModulesInManaged (6ms)
				SetLoadedEditorAssemblies (0ms)
				RefreshPlugins (54ms)
				BeforeProcessingInitializeOnLoad (1ms)
				ProcessInitializeOnLoadAttributes (119ms)
				ProcessInitializeOnLoadMethodAttributes (39ms)
				AfterProcessingInitializeOnLoad (0ms)
				EditorAssembliesLoaded (0ms)
			ExecutionOrderSort2 (0ms)
			AwakeInstancesAfterBackupRestoration (0ms)
Platform modules already initialized, skipping
Registering precompiled user dll's ...
Registered in 0.004046 seconds.
Begin MonoManager ReloadAssembly
Native extension for WindowsStandalone target not found
Refreshing native plugins compatible for Editor in 58.50 ms, found 2 plugins.
Preloading 0 native plugins for Editor in 0.00 ms.
Mono: successfully reloaded assembly
- Completed reload, in  0.978 seconds
Domain Reload Profiling:
	ReloadAssembly (978ms)
		BeginReloadAssembly (113ms)
			ExecutionOrderSort (0ms)
			DisableScriptedObjects (6ms)
			BackupInstance (0ms)
			ReleaseScriptingObjects (0ms)
			CreateAndSetChildDomain (21ms)
		EndReloadAssembly (770ms)
			LoadAssemblies (86ms)
			RebuildTransferFunctionScriptingTraits (0ms)
			SetupTypeCache (242ms)
			ReleaseScriptCaches (1ms)
			RebuildScriptCaches (40ms)
			SetupLoadedEditorAssemblies (362ms)
				LogAssemblyErrors (0ms)
				InitializePlatformSupportModulesInManaged (4ms)
				SetLoadedEditorAssemblies (0ms)
				RefreshPlugins (59ms)
				BeforeProcessingInitializeOnLoad (53ms)
				ProcessInitializeOnLoadAttributes (222ms)
				ProcessInitializeOnLoadMethodAttributes (19ms)
				AfterProcessingInitializeOnLoad (5ms)
				EditorAssembliesLoaded (0ms)
			ExecutionOrderSort2 (0ms)
			AwakeInstancesAfterBackupRestoration (8ms)
Platform modules already initialized, skipping
========================================================================
Worker process is ready to serve import requests
Launched and connected shader compiler UnityShaderCompiler.exe after 0.04 seconds
Refreshing native plugins compatible for Editor in 1.00 ms, found 2 plugins.
Preloading 0 native plugins for Editor in 0.00 ms.
Unloading 2180 Unused Serialized files (Serialized files now loaded: 0)
Unloading 24 unused Assets / (57.2 KB). Loaded Objects now: 2648.
Memory consumption went from 112.6 MB to 112.5 MB.
Total: 3.226000 ms (FindLiveObjects: 0.185600 ms CreateObjectMapping: 0.095300 ms MarkObjects: 2.862300 ms  DeleteObjects: 0.081900 ms)

AssetImportParameters requested are different than current active one (requested -> active):
  custom:video-decoder-ogg-theora: a1e56fd34408186e4bbccfd4996cb3dc -> 
  custom:container-muxer-webm: aa71ff27fc2769a1b78a27578f13a17b -> 
  custom:container-demuxer-webm: 4f35f7cbe854078d1ac9338744f61a02 -> 
  custom:video-encoder-webm-vp8: eb34c28f22e8b96e1ab97ce403110664 -> 
  custom:video-codec-MediaFoundation-h265: 746d11721c4dcdbdad8f713fa42b33f4 -> 
  custom:audio-encoder-webm-vorbis: bf7c407c2cedff20999df2af8eb42d56 -> 
  custom:framework-win-MediaFoundation: 216162199b28c13a410421893ffa2e32 -> 
  custom:container-demuxer-ogg: 62fdf1f143b41e24485cea50d1cbac27 -> 
  custom:video-decoder-webm-vp8: 9c59270c3fd7afecdb556c50c9e8de78 -> 
  custom:audio-decoder-ogg-vorbis: bf7c407c2cedff20999df2af8eb42d56 -> 
========================================================================
Received Import Request.
  Time since last request: 729298.119953 seconds.
  path: Assets/Assets/school/props/book12.fbx
  artifactKey: Guid(d26fd69ae663eb24a85bb3506b3e3b91) Importer(815301076,1909f56bfc062723c751e8b465ee728b)
Start importing Assets/Assets/school/props/book12.fbx using Guid(d26fd69ae663eb24a85bb3506b3e3b91) Importer(815301076,1909f56bfc062723c751e8b465ee728b)  -> (artifact id: 'b005fbe6171a330f74ac5a647a15cf14') in 0.155172 seconds 
========================================================================
Received Import Request.
  Time since last request: 0.000022 seconds.
  path: Assets/Assets/school/props/locker1.fbx
  artifactKey: Guid(a009d4148ee08684d917c68693f75228) Importer(815301076,1909f56bfc062723c751e8b465ee728b)
Start importing Assets/Assets/school/props/locker1.fbx using Guid(a009d4148ee08684d917c68693f75228) Importer(815301076,1909f56bfc062723c751e8b465ee728b)  -> (artifact id: '64d10ca0a8ae47e38fd0d598c88765fe') in 0.024089 seconds 
========================================================================
Received Import Request.
  Time since last request: 0.000026 seconds.
  path: Assets/Assets/school/Prefabs/road/floor1.prefab
  artifactKey: Guid(be4105263a3576a4a9d8bb22a5f5ca29) Importer(815301076,1909f56bfc062723c751e8b465ee728b)
Start importing Assets/Assets/school/Prefabs/road/floor1.prefab using Guid(be4105263a3576a4a9d8bb22a5f5ca29) Importer(815301076,1909f56bfc062723c751e8b465ee728b)  -> (artifact id: '2700bbbd5125c88e38090211261430ad') in 0.027137 seconds 
========================================================================
Received Import Request.
  Time since last request: 0.000025 seconds.
  path: Assets/Assets/school/props/locker.fbx
  artifactKey: Guid(a92e660226b52b745a9b7bc5e9794051) Importer(815301076,1909f56bfc062723c751e8b465ee728b)
Start importing Assets/Assets/school/props/locker.fbx using Guid(a92e660226b52b745a9b7bc5e9794051) Importer(815301076,1909f56bfc062723c751e8b465ee728b)  -> (artifact id: 'f30de9aeae2d9b02984fb3793a41fc88') in 0.027327 seconds 
========================================================================
Received Import Request.
  Time since last request: 0.000033 seconds.
  path: Assets/Assets/school/props/locker_1.fbx
  artifactKey: Guid(6c66e7ddb4e3bf94e8581dbdbd34d601) Importer(815301076,1909f56bfc062723c751e8b465ee728b)
Start importing Assets/Assets/school/props/locker_1.fbx using Guid(6c66e7ddb4e3bf94e8581dbdbd34d601) Importer(815301076,1909f56bfc062723c751e8b465ee728b)  -> (artifact id: '2f0f15135aa9e79e8e02c9888b21303b') in 0.025334 seconds 
========================================================================
Received Import Request.
  Time since last request: 0.000023 seconds.
  path: Assets/Assets/school/Prefabs/road/doroga — krest.prefab
  artifactKey: Guid(bc6109ee673f0a244981c84f7b064a43) Importer(815301076,1909f56bfc062723c751e8b465ee728b)
Start importing Assets/Assets/school/Prefabs/road/doroga — krest.prefab using Guid(bc6109ee673f0a244981c84f7b064a43) Importer(815301076,1909f56bfc062723c751e8b465ee728b)  -> (artifact id: '943d37c3a919a835f28bd846a265d1fe') in 0.020040 seconds 
========================================================================
Received Import Request.
  Time since last request: 0.000019 seconds.
  path: Assets/Assets/school/props/book13.fbx
  artifactKey: Guid(2ac56e37ab0b8c84d8aa8020fb2082b2) Importer(815301076,1909f56bfc062723c751e8b465ee728b)
Start importing Assets/Assets/school/props/book13.fbx using Guid(2ac56e37ab0b8c84d8aa8020fb2082b2) Importer(815301076,1909f56bfc062723c751e8b465ee728b)  -> (artifact id: 'd407f9b95f2d6e955cf6da037da01c72') in 0.021081 seconds 
========================================================================
Received Import Request.
  Time since last request: 0.000022 seconds.
  path: Assets/Assets/school/props/computer2.fbx
  artifactKey: Guid(fade7d8b155c9e347935a5505346523d) Importer(815301076,1909f56bfc062723c751e8b465ee728b)
Start importing Assets/Assets/school/props/computer2.fbx using Guid(fade7d8b155c9e347935a5505346523d) Importer(815301076,1909f56bfc062723c751e8b465ee728b)  -> (artifact id: '478d4f233f18b93514a92a3ab58d15cf') in 0.021834 seconds 
========================================================================
Received Import Request.
  Time since last request: 0.000025 seconds.
  path: Assets/Assets/school/Prefabs/road/doroga.prefab
  artifactKey: Guid(5b97ca6353ad429419598d36d1a55e6d) Importer(815301076,1909f56bfc062723c751e8b465ee728b)
Start importing Assets/Assets/school/Prefabs/road/doroga.prefab using Guid(5b97ca6353ad429419598d36d1a55e6d) Importer(815301076,1909f56bfc062723c751e8b465ee728b)  -> (artifact id: '8b04c824a51fbb0330ff7bb79c97781e') in 0.019629 seconds 
========================================================================
Received Import Request.
  Time since last request: 0.000028 seconds.
  path: Assets/Assets/school/props/bus.fbx
  artifactKey: Guid(7f54a7cb15b227045b46f8cf3ff5ea83) Importer(815301076,1909f56bfc062723c751e8b465ee728b)
Start importing Assets/Assets/school/props/bus.fbx using Guid(7f54a7cb15b227045b46f8cf3ff5ea83) Importer(815301076,1909f56bfc062723c751e8b465ee728b)  -> (artifact id: '1eeaff3750d7a46847b6dfe957cede06') in 0.052122 seconds 
========================================================================
Received Import Request.
  Time since last request: 0.000024 seconds.
  path: Assets/Assets/school/props/sheet2.fbx
  artifactKey: Guid(481b15e92ed6941478e39061d9935711) Importer(815301076,1909f56bfc062723c751e8b465ee728b)
Start importing Assets/Assets/school/props/sheet2.fbx using Guid(481b15e92ed6941478e39061d9935711) Importer(815301076,1909f56bfc062723c751e8b465ee728b)  -> (artifact id: 'b0ef1cf37c895ae7ad0690eaa3404b82') in 0.026266 seconds 
========================================================================
Received Import Request.
  Time since last request: 0.000023 seconds.
  path: Assets/Assets/school/props/book7.fbx
  artifactKey: Guid(c33f36ac04fd4ef4eb1421d50ecb1d83) Importer(815301076,1909f56bfc062723c751e8b465ee728b)
Start importing Assets/Assets/school/props/book7.fbx using Guid(c33f36ac04fd4ef4eb1421d50ecb1d83) Importer(815301076,1909f56bfc062723c751e8b465ee728b)  -> (artifact id: '0d89b6288d9d082b2e6853ced89ca978') in 0.019444 seconds 
========================================================================
Received Import Request.
  Time since last request: 0.000034 seconds.
  path: Assets/Assets/school/props/table3.fbx
  artifactKey: Guid(0699d22803476344d956abf42dc88970) Importer(815301076,1909f56bfc062723c751e8b465ee728b)
Start importing Assets/Assets/school/props/table3.fbx using Guid(0699d22803476344d956abf42dc88970) Importer(815301076,1909f56bfc062723c751e8b465ee728b)  -> (artifact id: 'e6d4b7cb42f250a9fe3c5a85a35588e2') in 0.025878 seconds 
========================================================================
Received Import Request.
  Time since last request: 0.000030 seconds.
  path: Assets/Assets/school/props/sheet.fbx
  artifactKey: Guid(e3b1441b553239a4681601783740f186) Importer(815301076,1909f56bfc062723c751e8b465ee728b)
Start importing Assets/Assets/school/props/sheet.fbx using Guid(e3b1441b553239a4681601783740f186) Importer(815301076,1909f56bfc062723c751e8b465ee728b)  -> (artifact id: '9cdb6698292063a302c9456c2828906c') in 0.028679 seconds 
========================================================================
Received Import Request.
  Time since last request: 0.000021 seconds.
  path: Assets/Assets/school/props/book15.fbx
  artifactKey: Guid(684a936c3957cd24f9bdc028cf0fff01) Importer(815301076,1909f56bfc062723c751e8b465ee728b)
Start importing Assets/Assets/school/props/book15.fbx using Guid(684a936c3957cd24f9bdc028cf0fff01) Importer(815301076,1909f56bfc062723c751e8b465ee728b)  -> (artifact id: 'e5ada6b11c85a2918beba70282eef9cf') in 0.018305 seconds 
========================================================================
Received Import Request.
  Time since last request: 0.000021 seconds.
  path: Assets/Assets/school/props/table2.fbx
  artifactKey: Guid(428d9da19f0db6d42a12afe656585894) Importer(815301076,1909f56bfc062723c751e8b465ee728b)
Start importing Assets/Assets/school/props/table2.fbx using Guid(428d9da19f0db6d42a12afe656585894) Importer(815301076,1909f56bfc062723c751e8b465ee728b)  -> (artifact id: '1ac93e57efa20eeb7abbe9822d418522') in 0.030312 seconds 
========================================================================
Received Import Request.
  Time since last request: 0.000023 seconds.
  path: Assets/Assets/school/props/locker_4.fbx
  artifactKey: Guid(40ec2e2d4a4457448aef97450f4f9113) Importer(815301076,1909f56bfc062723c751e8b465ee728b)
Start importing Assets/Assets/school/props/locker_4.fbx using Guid(40ec2e2d4a4457448aef97450f4f9113) Importer(815301076,1909f56bfc062723c751e8b465ee728b)  -> (artifact id: 'c31cfc1065b6cc40e68fc5d98d4370a2') in 0.030313 seconds 
========================================================================
Received Import Request.
  Time since last request: 0.000028 seconds.
  path: Assets/Assets/school/props/book10.fbx
  artifactKey: Guid(6daefe72622a81549b8b756cb5f167cd) Importer(815301076,1909f56bfc062723c751e8b465ee728b)
Start importing Assets/Assets/school/props/book10.fbx using Guid(6daefe72622a81549b8b756cb5f167cd) Importer(815301076,1909f56bfc062723c751e8b465ee728b)  -> (artifact id: 'fcb7b9de0764f5493855e8ea0a52f7de') in 0.022477 seconds 
========================================================================
Received Import Request.
  Time since last request: 0.000028 seconds.
  path: Assets/Assets/school/props/jalousie.fbx
  artifactKey: Guid(f8efd7bda192d6d4c9936256eff57e9e) Importer(815301076,1909f56bfc062723c751e8b465ee728b)
Start importing Assets/Assets/school/props/jalousie.fbx using Guid(f8efd7bda192d6d4c9936256eff57e9e) Importer(815301076,1909f56bfc062723c751e8b465ee728b)  -> (artifact id: '15c4fd650faa6bf730cdfc99cf0e2c97') in 0.028223 seconds 
========================================================================
Received Import Request.
  Time since last request: 0.000029 seconds.
  path: Assets/Assets/school/props/book1.fbx
  artifactKey: Guid(2ba609b3cfa3a39409cd47125c0b8f23) Importer(815301076,1909f56bfc062723c751e8b465ee728b)
Start importing Assets/Assets/school/props/book1.fbx using Guid(2ba609b3cfa3a39409cd47125c0b8f23) Importer(815301076,1909f56bfc062723c751e8b465ee728b)  -> (artifact id: '005880a193d43973ccb64b5ba54792be') in 0.027355 seconds 
========================================================================
Received Import Request.
  Time since last request: 0.000037 seconds.
  path: Assets/Assets/school/props/sheet4.fbx
  artifactKey: Guid(26cca21aff10b4545b16cc4b6315157e) Importer(815301076,1909f56bfc062723c751e8b465ee728b)
Start importing Assets/Assets/school/props/sheet4.fbx using Guid(26cca21aff10b4545b16cc4b6315157e) Importer(815301076,1909f56bfc062723c751e8b465ee728b)  -> (artifact id: '031a55c42ad79c7aae9d508ca72b89b0') in 0.027869 seconds 
========================================================================
Received Import Request.
  Time since last request: 0.000020 seconds.
  path: Assets/Assets/school/props/book3.fbx
  artifactKey: Guid(2d9b54e7ef3d1a94eb9be4f4dd931319) Importer(815301076,1909f56bfc062723c751e8b465ee728b)
Start importing Assets/Assets/school/props/book3.fbx using Guid(2d9b54e7ef3d1a94eb9be4f4dd931319) Importer(815301076,1909f56bfc062723c751e8b465ee728b)  -> (artifact id: '9a8705fc75d9ddca01a54ca19ecccf49') in 0.018335 seconds 
========================================================================
Received Import Request.
  Time since last request: 0.000023 seconds.
  path: Assets/Assets/school/props/book8.fbx
  artifactKey: Guid(c84426d852eade14f99559ca019e22ce) Importer(815301076,1909f56bfc062723c751e8b465ee728b)
Start importing Assets/Assets/school/props/book8.fbx using Guid(c84426d852eade14f99559ca019e22ce) Importer(815301076,1909f56bfc062723c751e8b465ee728b)  -> (artifact id: '793a47e4dac01529d25836a0708287f2') in 0.019787 seconds 
========================================================================
Received Import Request.
  Time since last request: 0.000033 seconds.
  path: Assets/Assets/school/props/board.fbx
  artifactKey: Guid(5613243e699c34046bcf679855532f68) Importer(815301076,1909f56bfc062723c751e8b465ee728b)
Start importing Assets/Assets/school/props/board.fbx using Guid(5613243e699c34046bcf679855532f68) Importer(815301076,1909f56bfc062723c751e8b465ee728b)  -> (artifact id: '784784652a594721a5f0d128fbe39536') in 0.026968 seconds 
========================================================================
Received Import Request.
  Time since last request: 0.000020 seconds.
  path: Assets/Assets/school/props/book6.fbx
  artifactKey: Guid(9ba47c7a82616534bbe4f5bc55bfee77) Importer(815301076,1909f56bfc062723c751e8b465ee728b)
Start importing Assets/Assets/school/props/book6.fbx using Guid(9ba47c7a82616534bbe4f5bc55bfee77) Importer(815301076,1909f56bfc062723c751e8b465ee728b)  -> (artifact id: 'b69e3ec4661d497bae2de5903f2e7825') in 0.023377 seconds 
========================================================================
Received Import Request.
  Time since last request: 0.000022 seconds.
  path: Assets/Assets/school/props/a laptop.fbx
  artifactKey: Guid(6a3802d04cb8d4e4d8e354e4a4098cba) Importer(815301076,1909f56bfc062723c751e8b465ee728b)
Start importing Assets/Assets/school/props/a laptop.fbx using Guid(6a3802d04cb8d4e4d8e354e4a4098cba) Importer(815301076,1909f56bfc062723c751e8b465ee728b)  -> (artifact id: '0381753e6e0c3d9ae99e8a551b8c19c2') in 0.029397 seconds 
========================================================================
Received Import Request.
  Time since last request: 0.000017 seconds.
  path: Assets/Assets/school/props/showcase.fbx
  artifactKey: Guid(f368751ca30ac2647a4ec4ce8fed3c88) Importer(815301076,1909f56bfc062723c751e8b465ee728b)
Start importing Assets/Assets/school/props/showcase.fbx using Guid(f368751ca30ac2647a4ec4ce8fed3c88) Importer(815301076,1909f56bfc062723c751e8b465ee728b)  -> (artifact id: '812dea4fc0da49d43bf2b9ddd165d416') in 0.026164 seconds 
========================================================================
Received Import Request.
  Time since last request: 0.000023 seconds.
  path: Assets/Assets/school/props/board2_1.fbx
  artifactKey: Guid(45565251077e14d4180ee5c2bb5b896d) Importer(815301076,1909f56bfc062723c751e8b465ee728b)
Start importing Assets/Assets/school/props/board2_1.fbx using Guid(45565251077e14d4180ee5c2bb5b896d) Importer(815301076,1909f56bfc062723c751e8b465ee728b)  -> (artifact id: 'd48afcc0c4fc62acafc3107ae0105bdd') in 0.024710 seconds 
========================================================================
Received Import Request.
  Time since last request: 0.000026 seconds.
  path: Assets/Assets/school/props/book.fbx
  artifactKey: Guid(fe29f3a55c29a794a8d6a3d12b9aca96) Importer(815301076,1909f56bfc062723c751e8b465ee728b)
Start importing Assets/Assets/school/props/book.fbx using Guid(fe29f3a55c29a794a8d6a3d12b9aca96) Importer(815301076,1909f56bfc062723c751e8b465ee728b)  -> (artifact id: '9e372ad69aa9af891b1ed5d18e98d70e') in 0.021652 seconds 
========================================================================
Received Import Request.
  Time since last request: 0.000042 seconds.
  path: Assets/Assets/school/props/speaker.fbx
  artifactKey: Guid(2e93ee0f4a411944ca5d229dc4b228e3) Importer(815301076,1909f56bfc062723c751e8b465ee728b)
Start importing Assets/Assets/school/props/speaker.fbx using Guid(2e93ee0f4a411944ca5d229dc4b228e3) Importer(815301076,1909f56bfc062723c751e8b465ee728b)  -> (artifact id: 'b50189870752868dbf5bcda0b617a8e0') in 0.025165 seconds 
========================================================================
Received Import Request.
  Time since last request: 0.000019 seconds.
  path: Assets/Assets/school/props/sheet1.fbx
  artifactKey: Guid(23b1d8473c4b7404ea0dd7c937deb666) Importer(815301076,1909f56bfc062723c751e8b465ee728b)
Start importing Assets/Assets/school/props/sheet1.fbx using Guid(23b1d8473c4b7404ea0dd7c937deb666) Importer(815301076,1909f56bfc062723c751e8b465ee728b)  -> (artifact id: '7fbfbdeeeb0a811e08a606331d779e36') in 0.023860 seconds 
========================================================================
Received Import Request.
  Time since last request: 0.000020 seconds.
  path: Assets/Assets/school/props/book4.fbx
  artifactKey: Guid(4578924f6ad96474fa87f670025340b6) Importer(815301076,1909f56bfc062723c751e8b465ee728b)
Start importing Assets/Assets/school/props/book4.fbx using Guid(4578924f6ad96474fa87f670025340b6) Importer(815301076,1909f56bfc062723c751e8b465ee728b)  -> (artifact id: '438505624161ad0497bee0dee5074040') in 0.020522 seconds 
========================================================================
Received Import Request.
  Time since last request: 0.000037 seconds.
  path: Assets/Assets/school/props/board1.fbx
  artifactKey: Guid(2096cda62bf772342bc7a4aeda6e4a67) Importer(815301076,1909f56bfc062723c751e8b465ee728b)
Start importing Assets/Assets/school/props/board1.fbx using Guid(2096cda62bf772342bc7a4aeda6e4a67) Importer(815301076,1909f56bfc062723c751e8b465ee728b)  -> (artifact id: 'c4e75e45ce85123e421a144917e7bed9') in 0.027604 seconds 
========================================================================
Received Import Request.
  Time since last request: 0.000023 seconds.
  path: Assets/Assets/school/props/rack.fbx
  artifactKey: Guid(ca9bd9cdb3fbe8c42bfa1472eb2058fc) Importer(815301076,1909f56bfc062723c751e8b465ee728b)
Start importing Assets/Assets/school/props/rack.fbx using Guid(ca9bd9cdb3fbe8c42bfa1472eb2058fc) Importer(815301076,1909f56bfc062723c751e8b465ee728b)  -> (artifact id: '2fb563779851eb4f939badd1908b17f4') in 0.023275 seconds 
========================================================================
Received Import Request.
  Time since last request: 0.000022 seconds.
  path: Assets/Assets/school/props/wall4.fbx
  artifactKey: Guid(65c4b63d3ab1edc4c98cc4216586cccf) Importer(815301076,1909f56bfc062723c751e8b465ee728b)
Start importing Assets/Assets/school/props/wall4.fbx using Guid(65c4b63d3ab1edc4c98cc4216586cccf) Importer(815301076,1909f56bfc062723c751e8b465ee728b)  -> (artifact id: '59e4949badf02298c111e4bbaa294a7a') in 0.024459 seconds 
========================================================================
Received Import Request.
  Time since last request: 0.000019 seconds.
  path: Assets/Assets/school/props/wall4 (1).fbx
  artifactKey: Guid(e2c12cc399276f34997617080b02d780) Importer(815301076,1909f56bfc062723c751e8b465ee728b)
Start importing Assets/Assets/school/props/wall4 (1).fbx using Guid(e2c12cc399276f34997617080b02d780) Importer(815301076,1909f56bfc062723c751e8b465ee728b)  -> (artifact id: 'd24a183977edaef9a02de5524c6ca0b4') in 0.026319 seconds 
========================================================================
Received Import Request.
  Time since last request: 0.000023 seconds.
  path: Assets/Assets/school/props/wall2.fbx
  artifactKey: Guid(dd0187cdaabbf654d8df9b87b74089f5) Importer(815301076,1909f56bfc062723c751e8b465ee728b)
Start importing Assets/Assets/school/props/wall2.fbx using Guid(dd0187cdaabbf654d8df9b87b74089f5) Importer(815301076,1909f56bfc062723c751e8b465ee728b)  -> (artifact id: '5a1a3fa2ab0140c64f9ead1c6fd0bbf1') in 0.025059 seconds 
========================================================================
Received Import Request.
  Time since last request: 0.000067 seconds.
  path: Assets/Assets/school/props/wall4 (2).fbx
  artifactKey: Guid(cc3095fd348d76b4f9cdcaabdaacdf6d) Importer(815301076,1909f56bfc062723c751e8b465ee728b)
Start importing Assets/Assets/school/props/wall4 (2).fbx using Guid(cc3095fd348d76b4f9cdcaabdaacdf6d) Importer(815301076,1909f56bfc062723c751e8b465ee728b)  -> (artifact id: '2928fdcde1efc9c06885824ebb480784') in 0.024712 seconds 
========================================================================
Received Import Request.
  Time since last request: 0.000035 seconds.
  path: Assets/Assets/school/props/tray.fbx
  artifactKey: Guid(cc76c0b780396284a8d4e9fe8d4e7482) Importer(815301076,1909f56bfc062723c751e8b465ee728b)
Start importing Assets/Assets/school/props/tray.fbx using Guid(cc76c0b780396284a8d4e9fe8d4e7482) Importer(815301076,1909f56bfc062723c751e8b465ee728b)  -> (artifact id: 'c962c9d235408ba2580e689199dbd35a') in 0.026789 seconds 
========================================================================
Received Import Request.
  Time since last request: 0.000038 seconds.
  path: Assets/Assets/school/props/wall.fbx
  artifactKey: Guid(20fa30becf879ae4fbd158795edc156d) Importer(815301076,1909f56bfc062723c751e8b465ee728b)
Start importing Assets/Assets/school/props/wall.fbx using Guid(20fa30becf879ae4fbd158795edc156d) Importer(815301076,1909f56bfc062723c751e8b465ee728b)  -> (artifact id: '41786f7b34b41d6fe6b599773b2bd091') in 0.024562 seconds 
========================================================================
Received Import Request.
  Time since last request: 0.000022 seconds.
  path: Assets/Assets/school/props/wall001.fbx
  artifactKey: Guid(674bca1160f50d546aaac5b261a08000) Importer(815301076,1909f56bfc062723c751e8b465ee728b)
Start importing Assets/Assets/school/props/wall001.fbx using Guid(674bca1160f50d546aaac5b261a08000) Importer(815301076,1909f56bfc062723c751e8b465ee728b)  -> (artifact id: '7a1451b7402425126a5cbe2429958b33') in 0.032451 seconds 
========================================================================
Received Import Request.
  Time since last request: 0.000022 seconds.
  path: Assets/Assets/school/props/fire1.fbx
  artifactKey: Guid(9039d479f37a33c4a81362d04791c6b0) Importer(815301076,1909f56bfc062723c751e8b465ee728b)
Start importing Assets/Assets/school/props/fire1.fbx using Guid(9039d479f37a33c4a81362d04791c6b0) Importer(815301076,1909f56bfc062723c751e8b465ee728b)  -> (artifact id: '544300248b5c244d8092eb3b51e4e429') in 0.021592 seconds 
Editor requested this worker to shutdown with reason: Scaling down because of idle timeout
AssetImportWorker is now disconnected from the server
Process exiting
Exiting without the bug reporter. Application will terminate with return code 0