Using pre-set license
Built from '2021.3/staging' branch; Version is '2021.3.22f1 (b6c551784ba3) revision 11978065'; Using compiler version '192829333'; Build Type 'Release'
OS: 'Windows 11  (10.0.22621) 64bit Professional' Language: 'en' Physical Memory: 14188 MB
BatchMode: 1, IsHumanControllingUs: 0, StartBugReporterOnCrash: 0, Is64bit: 1, IsPro: 1

COMMAND LINE ARGUMENTS:
C:\Program Files\Unity\Hub\Editor\2021.3.22f1\Editor\Unity.exe
-adb2
-batchMode
-noUpm
-name
AssetImportWorker8
-projectPath
C:/Users/gabri/soundmanagerassingleton/P4/APDP4
-logFile
Logs/AssetImportWorker8.log
-srvPort
53295
Successfully changed project path to: C:/Users/gabri/soundmanagerassingleton/P4/APDP4
C:/Users/gabri/soundmanagerassingleton/P4/APDP4
[UnityMemory] Configuration Parameters - Can be set up in boot.config
    "memorysetup-bucket-allocator-granularity=16"
    "memorysetup-bucket-allocator-bucket-count=8"
    "memorysetup-bucket-allocator-block-size=33554432"
    "memorysetup-bucket-allocator-block-count=8"
    "memorysetup-main-allocator-block-size=16777216"
    "memorysetup-thread-allocator-block-size=16777216"
    "memorysetup-gfx-main-allocator-block-size=16777216"
    "memorysetup-gfx-thread-allocator-block-size=16777216"
    "memorysetup-cache-allocator-block-size=4194304"
    "memorysetup-typetree-allocator-block-size=2097152"
    "memorysetup-profiler-bucket-allocator-granularity=16"
    "memorysetup-profiler-bucket-allocator-bucket-count=8"
    "memorysetup-profiler-bucket-allocator-block-size=33554432"
    "memorysetup-profiler-bucket-allocator-block-count=8"
    "memorysetup-profiler-allocator-block-size=16777216"
    "memorysetup-profiler-editor-allocator-block-size=1048576"
    "memorysetup-temp-allocator-size-main=16777216"
    "memorysetup-job-temp-allocator-block-size=2097152"
    "memorysetup-job-temp-allocator-block-size-background=1048576"
    "memorysetup-job-temp-allocator-reduction-small-platforms=262144"
    "memorysetup-temp-allocator-size-background-worker=32768"
    "memorysetup-temp-allocator-size-job-worker=262144"
    "memorysetup-temp-allocator-size-preload-manager=33554432"
    "memorysetup-temp-allocator-size-nav-mesh-worker=65536"
    "memorysetup-temp-allocator-size-audio-worker=65536"
    "memorysetup-temp-allocator-size-cloud-worker=32768"
    "memorysetup-temp-allocator-size-gi-baking-worker=262144"
    "memorysetup-temp-allocator-size-gfx=262144"
Player connection [8632] Host "[IP] 172.20.10.2 [Port] 0 [Flags] 2 [Guid] 4022000112 [EditorId] 4022000112 [Version] 1048832 [Id] WindowsEditor(7,LAPTOP-HMK759AA) [Debug] 1 [PackageName] WindowsEditor [ProjectName] Editor" joined multi-casting on [225.0.0.222:54997]...

Player connection [8632] Host "[IP] 172.20.10.2 [Port] 0 [Flags] 2 [Guid] 4022000112 [EditorId] 4022000112 [Version] 1048832 [Id] WindowsEditor(7,LAPTOP-HMK759AA) [Debug] 1 [PackageName] WindowsEditor [ProjectName] Editor" joined alternative multi-casting on [225.0.0.222:34997]...

Refreshing native plugins compatible for Editor in 38.81 ms, found 2 plugins.
Preloading 0 native plugins for Editor in 0.00 ms.
Initialize engine version: 2021.3.22f1 (b6c551784ba3)
[Subsystems] Discovering subsystems at path C:/Program Files/Unity/Hub/Editor/2021.3.22f1/Editor/Data/Resources/UnitySubsystems
[Subsystems] Discovering subsystems at path C:/Users/gabri/soundmanagerassingleton/P4/APDP4/Assets
GfxDevice: creating device client; threaded=0; jobified=0
Direct3D:
    Version:  Direct3D 11.0 [level 11.1]
    Renderer: NVIDIA GeForce RTX 3050 Laptop GPU (ID=0x25a2)
    Vendor:   NVIDIA
    VRAM:     3993 MB
    Driver:   31.0.15.1654
Initialize mono
Mono path[0] = 'C:/Program Files/Unity/Hub/Editor/2021.3.22f1/Editor/Data/Managed'
Mono path[1] = 'C:/Program Files/Unity/Hub/Editor/2021.3.22f1/Editor/Data/MonoBleedingEdge/lib/mono/unityjit-win32'
Mono config path = 'C:/Program Files/Unity/Hub/Editor/2021.3.22f1/Editor/Data/MonoBleedingEdge/etc'
Using monoOptions --debugger-agent=transport=dt_socket,embedding=1,server=y,suspend=n,address=127.0.0.1:56580
Begin MonoManager ReloadAssembly
Registering precompiled unity dll's ...
Register platform support module: C:/Program Files/Unity/Hub/Editor/2021.3.22f1/Editor/Data/PlaybackEngines/WindowsStandaloneSupport/UnityEditor.WindowsStandalone.Extensions.dll
Registered in 0.003795 seconds.
Native extension for WindowsStandalone target not found
Refreshing native plugins compatible for Editor in 30.24 ms, found 2 plugins.
Preloading 0 native plugins for Editor in 0.00 ms.
Mono: successfully reloaded assembly
- Completed reload, in  0.496 seconds
Domain Reload Profiling:
	ReloadAssembly (497ms)
		BeginReloadAssembly (87ms)
			ExecutionOrderSort (0ms)
			DisableScriptedObjects (0ms)
			BackupInstance (0ms)
			ReleaseScriptingObjects (0ms)
			CreateAndSetChildDomain (1ms)
		EndReloadAssembly (332ms)
			LoadAssemblies (85ms)
			RebuildTransferFunctionScriptingTraits (0ms)
			SetupTypeCache (77ms)
			ReleaseScriptCaches (0ms)
			RebuildScriptCaches (20ms)
			SetupLoadedEditorAssemblies (194ms)
				LogAssemblyErrors (0ms)
				InitializePlatformSupportModulesInManaged (6ms)
				SetLoadedEditorAssemblies (0ms)
				RefreshPlugins (30ms)
				BeforeProcessingInitializeOnLoad (1ms)
				ProcessInitializeOnLoadAttributes (118ms)
				ProcessInitializeOnLoadMethodAttributes (38ms)
				AfterProcessingInitializeOnLoad (0ms)
				EditorAssembliesLoaded (0ms)
			ExecutionOrderSort2 (0ms)
			AwakeInstancesAfterBackupRestoration (0ms)
Platform modules already initialized, skipping
Registering precompiled user dll's ...
Registered in 0.001888 seconds.
Begin MonoManager ReloadAssembly
Native extension for WindowsStandalone target not found
Refreshing native plugins compatible for Editor in 0.93 ms, found 2 plugins.
Preloading 0 native plugins for Editor in 0.00 ms.
Mono: successfully reloaded assembly
- Completed reload, in  0.779 seconds
Domain Reload Profiling:
	ReloadAssembly (779ms)
		BeginReloadAssembly (102ms)
			ExecutionOrderSort (0ms)
			DisableScriptedObjects (5ms)
			BackupInstance (0ms)
			ReleaseScriptingObjects (0ms)
			CreateAndSetChildDomain (19ms)
		EndReloadAssembly (593ms)
			LoadAssemblies (62ms)
			RebuildTransferFunctionScriptingTraits (0ms)
			SetupTypeCache (177ms)
			ReleaseScriptCaches (1ms)
			RebuildScriptCaches (49ms)
			SetupLoadedEditorAssemblies (255ms)
				LogAssemblyErrors (0ms)
				InitializePlatformSupportModulesInManaged (7ms)
				SetLoadedEditorAssemblies (1ms)
				RefreshPlugins (1ms)
				BeforeProcessingInitializeOnLoad (43ms)
				ProcessInitializeOnLoadAttributes (178ms)
				ProcessInitializeOnLoadMethodAttributes (19ms)
				AfterProcessingInitializeOnLoad (6ms)
				EditorAssembliesLoaded (0ms)
			ExecutionOrderSort2 (0ms)
			AwakeInstancesAfterBackupRestoration (6ms)
Platform modules already initialized, skipping
========================================================================
Worker process is ready to serve import requests
Launched and connected shader compiler UnityShaderCompiler.exe after 0.04 seconds
Refreshing native plugins compatible for Editor in 0.48 ms, found 2 plugins.
Preloading 0 native plugins for Editor in 0.00 ms.
Unloading 1360 Unused Serialized files (Serialized files now loaded: 0)
Unloading 18 unused Assets / (56.9 KB). Loaded Objects now: 1828.
Memory consumption went from 66.3 MB to 66.2 MB.
Total: 2.621400 ms (FindLiveObjects: 0.118800 ms CreateObjectMapping: 0.033300 ms MarkObjects: 2.395500 ms  DeleteObjects: 0.072900 ms)

AssetImportParameters requested are different than current active one (requested -> active):
  custom:video-decoder-ogg-theora: a1e56fd34408186e4bbccfd4996cb3dc -> 
  custom:container-muxer-webm: aa71ff27fc2769a1b78a27578f13a17b -> 
  custom:container-demuxer-webm: 4f35f7cbe854078d1ac9338744f61a02 -> 
  custom:video-encoder-webm-vp8: eb34c28f22e8b96e1ab97ce403110664 -> 
  custom:video-codec-MediaFoundation-h265: 746d11721c4dcdbdad8f713fa42b33f4 -> 
  custom:audio-encoder-webm-vorbis: bf7c407c2cedff20999df2af8eb42d56 -> 
  custom:framework-win-MediaFoundation: 216162199b28c13a410421893ffa2e32 -> 
  custom:container-demuxer-ogg: 62fdf1f143b41e24485cea50d1cbac27 -> 
  custom:video-decoder-webm-vp8: 9c59270c3fd7afecdb556c50c9e8de78 -> 
  custom:audio-decoder-ogg-vorbis: bf7c407c2cedff20999df2af8eb42d56 -> 
========================================================================
Received Import Request.
  Time since last request: 100584.191085 seconds.
  path: Assets/PolygonHeist/Prefab/FX/Bullet_Shell_FX.prefab
  artifactKey: Guid(8698f59a8ea9a0c449a001968fa1db7f) Importer(815301076,1909f56bfc062723c751e8b465ee728b)
Start importing Assets/PolygonHeist/Prefab/FX/Bullet_Shell_FX.prefab using Guid(8698f59a8ea9a0c449a001968fa1db7f) Importer(815301076,1909f56bfc062723c751e8b465ee728b)  -> (artifact id: '218d3cac02ede01fe47b21c05f547935') in 0.135683 seconds 
========================================================================
Received Import Request.
  Time since last request: 2.086484 seconds.
  path: Assets/PolygonHeist/Prefab/Environment/SM_Env_Ceiling_02.prefab
  artifactKey: Guid(71a982628f90b7543acbbee0b88d3801) Importer(815301076,1909f56bfc062723c751e8b465ee728b)
Start importing Assets/PolygonHeist/Prefab/Environment/SM_Env_Ceiling_02.prefab using Guid(71a982628f90b7543acbbee0b88d3801) Importer(815301076,1909f56bfc062723c751e8b465ee728b)  -> (artifact id: '199f41b3066562a3308dbccae7f12136') in 0.024075 seconds 
========================================================================
Received Import Request.
  Time since last request: 0.000022 seconds.
  path: Assets/PolygonHeist/Prefab/Environment/SM_Env_Floor_01.prefab
  artifactKey: Guid(cda897b14cb956e4ea1e58ed4d431788) Importer(815301076,1909f56bfc062723c751e8b465ee728b)
Start importing Assets/PolygonHeist/Prefab/Environment/SM_Env_Floor_01.prefab using Guid(cda897b14cb956e4ea1e58ed4d431788) Importer(815301076,1909f56bfc062723c751e8b465ee728b)  -> (artifact id: 'b3e46612c5d551a50132f4f5d12094ab') in 0.034947 seconds 
========================================================================
Received Import Request.
  Time since last request: 0.000023 seconds.
  path: Assets/PolygonHeist/Prefab/Environment/SM_Env_Pillar_Exterior_01.prefab
  artifactKey: Guid(a91a9183a87517742992928643d14b09) Importer(815301076,1909f56bfc062723c751e8b465ee728b)
Start importing Assets/PolygonHeist/Prefab/Environment/SM_Env_Pillar_Exterior_01.prefab using Guid(a91a9183a87517742992928643d14b09) Importer(815301076,1909f56bfc062723c751e8b465ee728b)  -> (artifact id: '4e27993c4da4b9bdcb5989d6b63dc57d') in 0.037484 seconds 
========================================================================
Received Import Request.
  Time since last request: 0.000022 seconds.
  path: Assets/PolygonHeist/Prefab/Environment/SM_Env_Pillar_Interior_01.prefab
  artifactKey: Guid(db95b51e45d46e649804e51b38ecb83f) Importer(815301076,1909f56bfc062723c751e8b465ee728b)
Start importing Assets/PolygonHeist/Prefab/Environment/SM_Env_Pillar_Interior_01.prefab using Guid(db95b51e45d46e649804e51b38ecb83f) Importer(815301076,1909f56bfc062723c751e8b465ee728b)  -> (artifact id: 'ccab4a09fc9d039424f8ab4ce0a01d44') in 0.033423 seconds 
========================================================================
Received Import Request.
  Time since last request: 0.000019 seconds.
  path: Assets/PolygonHeist/Prefab/Environment/SM_Env_Ceiling_07.prefab
  artifactKey: Guid(c5e743e640e894349b16e1b4e02e9b28) Importer(815301076,1909f56bfc062723c751e8b465ee728b)
Start importing Assets/PolygonHeist/Prefab/Environment/SM_Env_Ceiling_07.prefab using Guid(c5e743e640e894349b16e1b4e02e9b28) Importer(815301076,1909f56bfc062723c751e8b465ee728b)  -> (artifact id: 'acbccc097a0c5f71f2259627db65e9e2') in 0.023300 seconds 
========================================================================
Received Import Request.
  Time since last request: 0.000024 seconds.
  path: Assets/PolygonHeist/Prefab/Environment/SM_Env_Ceiling_Light_02.prefab
  artifactKey: Guid(2e2f1d22606ce1248921a032e380c735) Importer(815301076,1909f56bfc062723c751e8b465ee728b)
Start importing Assets/PolygonHeist/Prefab/Environment/SM_Env_Ceiling_Light_02.prefab using Guid(2e2f1d22606ce1248921a032e380c735) Importer(815301076,1909f56bfc062723c751e8b465ee728b)  -> (artifact id: 'acce972c75c4985c3d726ab324a0e422') in 0.014665 seconds 
========================================================================
Received Import Request.
  Time since last request: 0.000039 seconds.
  path: Assets/PolygonHeist/Prefab/Environment/SM_Env_Door_01.prefab
  artifactKey: Guid(f1da5cfbe5b24c5439487cf636860976) Importer(815301076,1909f56bfc062723c751e8b465ee728b)
Start importing Assets/PolygonHeist/Prefab/Environment/SM_Env_Door_01.prefab using Guid(f1da5cfbe5b24c5439487cf636860976) Importer(815301076,1909f56bfc062723c751e8b465ee728b)  -> (artifact id: 'b915c75d92303f8b7d8987be4d6a5f05') in 0.019004 seconds 
========================================================================
Received Import Request.
  Time since last request: 0.000024 seconds.
  path: Assets/PolygonHeist/Prefab/Environment/SM_Env_Pillar_Interior_04.prefab
  artifactKey: Guid(c590f26d18d223a4caf8fcf5d48d8c28) Importer(815301076,1909f56bfc062723c751e8b465ee728b)
Start importing Assets/PolygonHeist/Prefab/Environment/SM_Env_Pillar_Interior_04.prefab using Guid(c590f26d18d223a4caf8fcf5d48d8c28) Importer(815301076,1909f56bfc062723c751e8b465ee728b)  -> (artifact id: 'a0b2b05115e290acb10fa6413b4a110b') in 0.016094 seconds 
========================================================================
Received Import Request.
  Time since last request: 2.894835 seconds.
  path: Assets/PolygonHeist/Prefab/Characters/Character_Female_Overall_01.prefab
  artifactKey: Guid(1fbcee59a59c2034e8f953ba78938626) Importer(815301076,1909f56bfc062723c751e8b465ee728b)
Start importing Assets/PolygonHeist/Prefab/Characters/Character_Female_Overall_01.prefab using Guid(1fbcee59a59c2034e8f953ba78938626) Importer(815301076,1909f56bfc062723c751e8b465ee728b)  -> (artifact id: '90f78428e8af7458d44a6592d99e2ca8') in 0.049252 seconds 
========================================================================
Received Import Request.
  Time since last request: 0.000020 seconds.
  path: Assets/PolygonHeist/Prefab/Characters/Character_Male_Overall_01.prefab
  artifactKey: Guid(7ff387e26f5e0ca4ca737283862d87ca) Importer(815301076,1909f56bfc062723c751e8b465ee728b)
Start importing Assets/PolygonHeist/Prefab/Characters/Character_Male_Overall_01.prefab using Guid(7ff387e26f5e0ca4ca737283862d87ca) Importer(815301076,1909f56bfc062723c751e8b465ee728b)  -> (artifact id: '690377377e9f7b39a3fcfe445e471b6f') in 0.046027 seconds 
Editor requested this worker to shutdown with reason: Scaling down because of idle timeout
AssetImportWorker is now disconnected from the server
Process exiting
Exiting without the bug reporter. Application will terminate with return code 0